<?xml version="1.0" encoding="UTF-8" standalone="yes"?><!DOCTYPE report PUBLIC "-//JACOCO//DTD Report 1.1//EN" "report.dtd"><report name="financa-facil-backend"><sessioninfo id="WNB040705BHZ-f6c3a194" start="1784404120164" dump="1784404159625"/><sessioninfo id="WNB040705BHZ-c8e2cfb5" start="1784404171538" dump="1784404208141"/><sessioninfo id="WNB040705BHZ-3339eb34" start="1784405540038" dump="1784405544766"/><sessioninfo id="WNB040705BHZ-20d26f77" start="1784405587612" dump="1784405592236"/><sessioninfo id="WNB040705BHZ-2bb8630" start="1784405631374" dump="1784405675629"/><sessioninfo id="WNB040705BHZ-fc4fe1ab" start="1784405693043" dump="1784405733844"/><sessioninfo id="WNB040705BHZ-8cb965fa" start="1784405982903" dump="1784405987116"/><sessioninfo id="WNB040705BHZ-7e027ad2" start="1784405997744" dump="1784406035889"/><sessioninfo id="WNB040705BHZ-6e9cc63b" start="1784406284016" dump="1784406288314"/><sessioninfo id="WNB040705BHZ-f04ce583" start="1784406303544" dump="1784406307968"/><sessioninfo id="WNB040705BHZ-6bff188" start="1784406319190" dump="1784406360130"/><sessioninfo id="WNB040705BHZ-7680b690" start="1784406579765" dump="1784406584499"/><sessioninfo id="WNB040705BHZ-edf36dc4" start="1784406892775" dump="1784406897433"/><sessioninfo id="WNB040705BHZ-e4c9e0d7" start="1784406913763" dump="1784406918480"/><sessioninfo id="WNB040705BHZ-3389bfd2" start="1784406930484" dump="1784406971029"/><sessioninfo id="WNB040705BHZ-f78ceaa" start="1784406982462" dump="1784407024695"/><sessioninfo id="WNB040705BHZ-12140f27" start="1784407657340" dump="1784407662897"/><sessioninfo id="WNB040705BHZ-724671f6" start="1784407680909" dump="1784407724352"/><sessioninfo id="WNB040705BHZ-e499ec51" start="1784407740881" dump="1784407788503"/><sessioninfo id="WNB040705BHZ-9827f5a9" start="1784407862708" dump="1784407908597"/><sessioninfo id="WNB040705BHZ-d6493317" start="1784408113094" dump="1784408118213"/><sessioninfo id="WNB040705BHZ-3b32fe5e" start="1784408131907" dump="1784408176938"/><sessioninfo id="WNB040705BHZ-55bb4959" start="1784408441364" dump="1784408449301"/><sessioninfo id="WNB040705BHZ-d930a9cc" start="1784408461178" dump="1784408506332"/><sessioninfo id="WNB040705BHZ-f1841607" start="1784408958540" dump="1784408991162"/><sessioninfo id="WNB040705BHZ-bdde182f" start="1784409002490" dump="1784409034982"/><sessioninfo id="WNB040705BHZ-b7a924ef" start="1784409070138" dump="1784409101916"/><sessioninfo id="WNB040705BHZ-9811a595" start="1784409116102" dump="1784409143512"/><sessioninfo id="WNB040705BHZ-e303d259" start="1784409159268" dump="1784409191978"/><sessioninfo id="WNB040705BHZ-9ff0b299" start="1784409266484" dump="1784409304874"/><sessioninfo id="WNB040705BHZ-2cb55a7" start="1784409514708" dump="1784409519540"/><sessioninfo id="WNB040705BHZ-59916827" start="1784409529947" dump="1784409537456"/><package name="com/financafacil/infrastructure/persistence/entity"><class name="com/financafacil/infrastructure/persistence/entity/TransactionJpaEntity$TransactionJpaEntityBuilder" sourcefilename="TransactionJpaEntity.java"/><class name="com/financafacil/infrastructure/persistence/entity/EmailVerificationTokenJpaEntity" sourcefilename="EmailVerificationTokenJpaEntity.java"/><class name="com/financafacil/infrastructure/persistence/entity/EmailVerificationTokenJpaEntity$EmailVerificationTokenJpaEntityBuilder" sourcefilename="EmailVerificationTokenJpaEntity.java"/><class name="com/financafacil/infrastructure/persistence/entity/UserJpaEntity" sourcefilename="UserJpaEntity.java"/><class name="com/financafacil/infrastructure/persistence/entity/BudgetJpaEntity$BudgetJpaEntityBuilder" sourcefilename="BudgetJpaEntity.java"/><class name="com/financafacil/infrastructure/persistence/entity/AccountJpaEntity" sourcefilename="AccountJpaEntity.java"/><class name="com/financafacil/infrastructure/persistence/entity/AuditLogJpaEntity$AuditLogJpaEntityBuilder" sourcefilename="AuditLogJpaEntity.java"/><class name="com/financafacil/infrastructure/persistence/entity/TransactionJpaEntity" sourcefilename="TransactionJpaEntity.java"/><class name="com/financafacil/infrastructure/persistence/entity/CategoryJpaEntity" sourcefilename="CategoryJpaEntity.java"/><class name="com/financafacil/infrastructure/persistence/entity/PasswordResetTokenJpaEntity" sourcefilename="PasswordResetTokenJpaEntity.java"/><class name="com/financafacil/infrastructure/persistence/entity/RecurringTransactionJpaEntity" sourcefilename="RecurringTransactionJpaEntity.java"/><class name="com/financafacil/infrastructure/persistence/entity/RefreshTokenJpaEntity$RefreshTokenJpaEntityBuilder" sourcefilename="RefreshTokenJpaEntity.java"/><class name="com/financafacil/infrastructure/persistence/entity/CategoryJpaEntity$CategoryJpaEntityBuilder" sourcefilename="CategoryJpaEntity.java"/><class name="com/financafacil/infrastructure/persistence/entity/PasswordResetTokenJpaEntity$PasswordResetTokenJpaEntityBuilder" sourcefilename="PasswordResetTokenJpaEntity.java"/><class name="com/financafacil/infrastructure/persistence/entity/AuditLogJpaEntity" sourcefilename="AuditLogJpaEntity.java"/><class name="com/financafacil/infrastructure/persistence/entity/TransferJpaEntity$TransferJpaEntityBuilder" sourcefilename="TransferJpaEntity.java"/><class name="com/financafacil/infrastructure/persistence/entity/TransferJpaEntity" sourcefilename="TransferJpaEntity.java"/><class name="com/financafacil/infrastructure/persistence/entity/RefreshTokenJpaEntity" sourcefilename="RefreshTokenJpaEntity.java"/><class name="com/financafacil/infrastructure/persistence/entity/AccountJpaEntity$AccountJpaEntityBuilder" sourcefilename="AccountJpaEntity.java"/><class name="com/financafacil/infrastructure/persistence/entity/RecurringTransactionJpaEntity$RecurringTransactionJpaEntityBuilder" sourcefilename="RecurringTransactionJpaEntity.java"/><class name="com/financafacil/infrastructure/persistence/entity/BudgetJpaEntity" sourcefilename="BudgetJpaEntity.java"/><class name="com/financafacil/infrastructure/persistence/entity/UserJpaEntity$UserJpaEntityBuilder" sourcefilename="UserJpaEntity.java"/><sourcefile name="PasswordResetTokenJpaEntity.java"/><sourcefile name="TransferJpaEntity.java"/><sourcefile name="AuditLogJpaEntity.java"/><sourcefile name="RecurringTransactionJpaEntity.java"/><sourcefile name="BudgetJpaEntity.java"/><sourcefile name="CategoryJpaEntity.java"/><sourcefile name="AccountJpaEntity.java"/><sourcefile name="TransactionJpaEntity.java"/><sourcefile name="EmailVerificationTokenJpaEntity.java"/><sourcefile name="UserJpaEntity.java"/><sourcefile name="RefreshTokenJpaEntity.java"/></package><package name="com/financafacil/infrastructure/config"><class name="com/financafacil/infrastructure/config/AppProperties$Jwt" sourcefilename="AppProperties.java"><method name="&lt;init&gt;" desc="()V" line="19"><counter type="INSTRUCTION" missed="0" covered="3"/><counter type="LINE" missed="0" covered="1"/><counter type="COMPLEXITY" missed="0" covered="1"/><counter type="METHOD" missed="0" covered="1"/></method><counter type="INSTRUCTION" missed="0" covered="3"/><counter type="LINE" missed="0" covered="1"/><counter type="COMPLEXITY" missed="0" covered="1"/><counter type="METHOD" missed="0" covered="1"/><counter type="CLASS" missed="0" covered="1"/></class><class name="com/financafacil/infrastructure/config/AppProperties" sourcefilename="AppProperties.java"><method name="&lt;init&gt;" desc="()V" line="12"><counter type="INSTRUCTION" missed="0" covered="23"/><counter type="LINE" missed="0" covered="5"/><counter type="COMPLEXITY" missed="0" covered="1"/><counter type="METHOD" missed="0" covered="1"/></method><counter type="INSTRUCTION" missed="0" covered="23"/><counter type="LINE" missed="0" covered="5"/><counter type="COMPLEXITY" missed="0" covered="1"/><counter type="METHOD" missed="0" covered="1"/><counter type="CLASS" missed="0" covered="1"/></class><class name="com/financafacil/infrastructure/config/AppProperties$Frontend" sourcefilename="AppProperties.java"><method name="&lt;init&gt;" desc="()V" line="37"><counter type="INSTRUCTION" missed="0" covered="3"/><counter type="LINE" missed="0" covered="1"/><counter type="COMPLEXITY" missed="0" covered="1"/><counter type="METHOD" missed="0" covered="1"/></method><counter type="INSTRUCTION" missed="0" covered="3"/><counter type="LINE" missed="0" covered="1"/><counter type="COMPLEXITY" missed="0" covered="1"/><counter type="METHOD" missed="0" covered="1"/><counter type="CLASS" missed="0" covered="1"/></class><class name="com/financafacil/infrastructure/config/AppProperties$Cors" sourcefilename="AppProperties.java"><method name="&lt;init&gt;" desc="()V" line="27"><counter type="INSTRUCTION" missed="0" covered="3"/><counter type="LINE" missed="0" covered="1"/><counter type="COMPLEXITY" missed="0" covered="1"/><counter type="METHOD" missed="0" covered="1"/></method><counter type="INSTRUCTION" missed="0" covered="3"/><counter type="LINE" missed="0" covered="1"/><counter type="COMPLEXITY" missed="0" covered="1"/><counter type="METHOD" missed="0" covered="1"/><counter type="CLASS" missed="0" covered="1"/></class><class name="com/financafacil/infrastructure/config/AppProperties$Mail" sourcefilename="AppProperties.java"><method name="&lt;init&gt;" desc="()V" line="32"><counter type="INSTRUCTION" missed="0" covered="3"/><counter type="LINE" missed="0" covered="1"/><counter type="COMPLEXITY" missed="0" covered="1"/><counter type="METHOD" missed="0" covered="1"/></method><counter type="INSTRUCTION" missed="0" covered="3"/><counter type="LINE" missed="0" covered="1"/><counter type="COMPLEXITY" missed="0" covered="1"/><counter type="METHOD" missed="0" covered="1"/><counter type="CLASS" missed="0" covered="1"/></class><sourcefile name="AppProperties.java"><line nr="12" mi="0" ci="2" mb="0" cb="0"/><line nr="13" mi="0" ci="5" mb="0" cb="0"/><line nr="14" mi="0" ci="5" mb="0" cb="0"/><line nr="15" mi="0" ci="5" mb="0" cb="0"/><line nr="16" mi="0" ci="6" mb="0" cb="0"/><line nr="19" mi="0" ci="3" mb="0" cb="0"/><line nr="27" mi="0" ci="3" mb="0" cb="0"/><line nr="32" mi="0" ci="3" mb="0" cb="0"/><line nr="37" mi="0" ci="3" mb="0" cb="0"/><counter type="INSTRUCTION" missed="0" covered="35"/><counter type="LINE" missed="0" covered="9"/><counter type="COMPLEXITY" missed="0" covered="5"/><counter type="METHOD" missed="0" covered="5"/><counter type="CLASS" missed="0" covered="5"/></sourcefile><counter type="INSTRUCTION" missed="0" covered="35"/><counter type="LINE" missed="0" covered="9"/><counter type="COMPLEXITY" missed="0" covered="5"/><counter type="METHOD" missed="0" covered="5"/><counter type="CLASS" missed="0" covered="5"/></package><package name="com/financafacil/infrastructure/persistence/specification"><class name="com/financafacil/infrastructure/persistence/specification/TransactionSpecification" sourcefilename="TransactionSpecification.java"><method name="&lt;init&gt;" desc="()V" line="8"><counter type="INSTRUCTION" missed="3" covered="0"/><counter type="LINE" missed="1" covered="0"/><counter type="COMPLEXITY" missed="1" covered="0"/><counter type="METHOD" missed="1" covered="0"/></method><method name="forUser" desc="(Ljava/util/UUID;)Lorg/springframework/data/jpa/domain/Specification;" line="11"><counter type="INSTRUCTION" missed="0" covered="3"/><counter type="LINE" missed="0" covered="1"/><counter type="COMPLEXITY" missed="0" covered="1"/><counter type="METHOD" missed="0" covered="1"/></method><method name="withFilter" desc="(Ljava/util/UUID;Lcom/financafacil/domain/port/out/TransactionRepository$TransactionFilter;)Lorg/springframework/data/jpa/domain/Specification;" line="15"><counter type="INSTRUCTION" missed="25" covered="28"/><counter type="BRANCH" missed="6" covered="6"/><counter type="LINE" missed="5" covered="9"/><counter type="COMPLEXITY" missed="6" covered="1"/><counter type="METHOD" missed="0" covered="1"/></method><method name="lambda$withFilter$232139da$6" desc="(Lcom/financafacil/domain/port/out/TransactionRepository$TransactionFilter;Ljakarta/persistence/criteria/Root;Ljakarta/persistence/criteria/CriteriaQuery;Ljakarta/persistence/criteria/CriteriaBuilder;)Ljakarta/persistence/criteria/Predicate;" line="32"><counter type="INSTRUCTION" missed="8" covered="0"/><counter type="LINE" missed="1" covered="0"/><counter type="COMPLEXITY" missed="1" covered="0"/><counter type="METHOD" missed="1" covered="0"/></method><method name="lambda$withFilter$232139da$5" desc="(Lcom/financafacil/domain/port/out/TransactionRepository$TransactionFilter;Ljakarta/persistence/criteria/Root;Ljakarta/persistence/criteria/CriteriaQuery;Ljakarta/persistence/criteria/CriteriaBuilder;)Ljakarta/persistence/criteria/Predicate;" line="29"><counter type="INSTRUCTION" missed="0" covered="8"/><counter type="LINE" missed="0" covered="1"/><counter type="COMPLEXITY" missed="0" covered="1"/><counter type="METHOD" missed="0" covered="1"/></method><method name="lambda$withFilter$232139da$4" desc="(Lcom/financafacil/domain/port/out/TransactionRepository$TransactionFilter;Ljakarta/persistence/criteria/Root;Ljakarta/persistence/criteria/CriteriaQuery;Ljakarta/persistence/criteria/CriteriaBuilder;)Ljakarta/persistence/criteria/Predicate;" line="26"><counter type="INSTRUCTION" missed="8" covered="0"/><counter type="LINE" missed="1" covered="0"/><counter type="COMPLEXITY" missed="1" covered="0"/><counter type="METHOD" missed="1" covered="0"/></method><method name="lambda$withFilter$232139da$3" desc="(Lcom/financafacil/domain/port/out/TransactionRepository$TransactionFilter;Ljakarta/persistence/criteria/Root;Ljakarta/persistence/criteria/CriteriaQuery;Ljakarta/persistence/criteria/CriteriaBuilder;)Ljakarta/persistence/criteria/Predicate;" line="23"><counter type="INSTRUCTION" missed="8" covered="0"/><counter type="LINE" missed="1" covered="0"/><counter type="COMPLEXITY" missed="1" covered="0"/><counter type="METHOD" missed="1" covered="0"/></method><method name="lambda$withFilter$232139da$2" desc="(Lcom/financafacil/domain/port/out/TransactionRepository$TransactionFilter;Ljakarta/persistence/criteria/Root;Ljakarta/persistence/criteria/CriteriaQuery;Ljakarta/persistence/criteria/CriteriaBuilder;)Ljakarta/persistence/criteria/Predicate;" line="20"><counter type="INSTRUCTION" missed="8" covered="0"/><counter type="LINE" missed="1" covered="0"/><counter type="COMPLEXITY" missed="1" covered="0"/><counter type="METHOD" missed="1" covered="0"/></method><method name="lambda$withFilter$232139da$1" desc="(Lcom/financafacil/domain/port/out/TransactionRepository$TransactionFilter;Ljakarta/persistence/criteria/Root;Ljakarta/persistence/criteria/CriteriaQuery;Ljakarta/persistence/criteria/CriteriaBuilder;)Ljakarta/persistence/criteria/Predicate;" line="17"><counter type="INSTRUCTION" missed="8" covered="0"/><counter type="LINE" missed="1" covered="0"/><counter type="COMPLEXITY" missed="1" covered="0"/><counter type="METHOD" missed="1" covered="0"/></method><method name="lambda$forUser$91215556$1" desc="(Ljava/util/UUID;Ljakarta/persistence/criteria/Root;Ljakarta/persistence/criteria/CriteriaQuery;Ljakarta/persistence/criteria/CriteriaBuilder;)Ljakarta/persistence/criteria/Predicate;" line="11"><counter type="INSTRUCTION" missed="0" covered="7"/><counter type="LINE" missed="0" covered="1"/><counter type="COMPLEXITY" missed="0" covered="1"/><counter type="METHOD" missed="0" covered="1"/></method><counter type="INSTRUCTION" missed="68" covered="46"/><counter type="BRANCH" missed="6" covered="6"/><counter type="LINE" missed="6" covered="10"/><counter type="COMPLEXITY" missed="12" covered="4"/><counter type="METHOD" missed="6" covered="4"/><counter type="CLASS" missed="0" covered="1"/></class><sourcefile name="TransactionSpecification.java"><line nr="8" mi="3" ci="0" mb="0" cb="0"/><line nr="11" mi="0" ci="10" mb="0" cb="0"/><line nr="15" mi="0" ci="3" mb="0" cb="0"/><line nr="16" mi="0" ci="3" mb="1" cb="1"/><line nr="17" mi="13" ci="0" mb="0" cb="0"/><line nr="19" mi="0" ci="3" mb="1" cb="1"/><line nr="20" mi="13" ci="0" mb="0" cb="0"/><line nr="22" mi="0" ci="3" mb="1" cb="1"/><line nr="23" mi="13" ci="0" mb="0" cb="0"/><line nr="25" mi="0" ci="3" mb="1" cb="1"/><line nr="26" mi="13" ci="0" mb="0" cb="0"/><line nr="28" mi="0" ci="3" mb="1" cb="1"/><line nr="29" mi="0" ci="13" mb="0" cb="0"/><line nr="31" mi="0" ci="3" mb="1" cb="1"/><line nr="32" mi="13" ci="0" mb="0" cb="0"/><line nr="34" mi="0" ci="2" mb="0" cb="0"/><counter type="INSTRUCTION" missed="68" covered="46"/><counter type="BRANCH" missed="6" covered="6"/><counter type="LINE" missed="6" covered="10"/><counter type="COMPLEXITY" missed="12" covered="4"/><counter type="METHOD" missed="6" covered="4"/><counter type="CLASS" missed="0" covered="1"/></sourcefile><counter type="INSTRUCTION" missed="68" covered="46"/><counter type="BRANCH" missed="6" covered="6"/><counter type="LINE" missed="6" covered="10"/><counter type="COMPLEXITY" missed="12" covered="4"/><counter type="METHOD" missed="6" covered="4"/><counter type="CLASS" missed="0" covered="1"/></package><package name="com/financafacil/presentation/exception"><class name="com/financafacil/presentation/exception/GlobalExceptionHandler" sourcefilename="GlobalExceptionHandler.java"><method name="&lt;init&gt;" desc="()V" line="15"><counter type="INSTRUCTION" missed="0" covered="3"/><counter type="LINE" missed="0" covered="1"/><counter type="COMPLEXITY" missed="0" covered="1"/><counter type="METHOD" missed="0" covered="1"/></method><method name="handleNotFound" desc="(Lcom/financafacil/domain/exception/NotFoundException;)Lcom/financafacil/presentation/dto/response/ApiResponse;" line="20"><counter type="INSTRUCTION" missed="0" covered="5"/><counter type="LINE" missed="0" covered="1"/><counter type="COMPLEXITY" missed="0" covered="1"/><counter type="METHOD" missed="0" covered="1"/></method><method name="handleConflict" desc="(Lcom/financafacil/domain/exception/ConflictException;)Lcom/financafacil/presentation/dto/response/ApiResponse;" line="26"><counter type="INSTRUCTION" missed="0" covered="5"/><counter type="LINE" missed="0" covered="1"/><counter type="COMPLEXITY" missed="0" covered="1"/><counter type="METHOD" missed="0" covered="1"/></method><method name="handleUnauthorized" desc="(Lcom/financafacil/domain/exception/UnauthorizedException;)Lcom/financafacil/presentation/dto/response/ApiResponse;" line="32"><counter type="INSTRUCTION" missed="0" covered="5"/><counter type="LINE" missed="0" covered="1"/><counter type="COMPLEXITY" missed="0" covered="1"/><counter type="METHOD" missed="0" covered="1"/></method><method name="handleValidation" desc="(Lorg/springframework/web/bind/MethodArgumentNotValidException;)Lcom/financafacil/presentation/dto/response/ApiResponse;" line="38"><counter type="INSTRUCTION" missed="0" covered="15"/><counter type="LINE" missed="0" covered="4"/><counter type="COMPLEXITY" missed="0" covered="1"/><counter type="METHOD" missed="0" covered="1"/></method><method name="handleForbidden" desc="(Lorg/springframework/security/access/AccessDeniedException;)Lcom/financafacil/presentation/dto/response/ApiResponse;" line="47"><counter type="INSTRUCTION" missed="4" covered="0"/><counter type="LINE" missed="1" covered="0"/><counter type="COMPLEXITY" missed="1" covered="0"/><counter type="METHOD" missed="1" covered="0"/></method><method name="handleGeneric" desc="(Ljava/lang/Exception;)Lcom/financafacil/presentation/dto/response/ApiResponse;" line="53"><counter type="INSTRUCTION" missed="8" covered="0"/><counter type="LINE" missed="2" covered="0"/><counter type="COMPLEXITY" missed="1" covered="0"/><counter type="METHOD" missed="1" covered="0"/></method><method name="&lt;clinit&gt;" desc="()V" line="13"><counter type="INSTRUCTION" missed="0" covered="4"/><counter type="LINE" missed="0" covered="1"/><counter type="COMPLEXITY" missed="0" covered="1"/><counter type="METHOD" missed="0" covered="1"/></method><counter type="INSTRUCTION" missed="12" covered="37"/><counter type="LINE" missed="3" covered="9"/><counter type="COMPLEXITY" missed="2" covered="6"/><counter type="METHOD" missed="2" covered="6"/><counter type="CLASS" missed="0" covered="1"/></class><sourcefile name="GlobalExceptionHandler.java"><line nr="13" mi="0" ci="4" mb="0" cb="0"/><line nr="15" mi="0" ci="3" mb="0" cb="0"/><line nr="20" mi="0" ci="5" mb="0" cb="0"/><line nr="26" mi="0" ci="5" mb="0" cb="0"/><line nr="32" mi="0" ci="5" mb="0" cb="0"/><line nr="38" mi="0" ci="5" mb="0" cb="0"/><line nr="39" mi="0" ci="2" mb="0" cb="0"/><line nr="40" mi="0" ci="4" mb="0" cb="0"/><line nr="41" mi="0" ci="4" mb="0" cb="0"/><line nr="47" mi="4" ci="0" mb="0" cb="0"/><line nr="53" mi="4" ci="0" mb="0" cb="0"/><line nr="54" mi="4" ci="0" mb="0" cb="0"/><counter type="INSTRUCTION" missed="12" covered="37"/><counter type="LINE" missed="3" covered="9"/><counter type="COMPLEXITY" missed="2" covered="6"/><counter type="METHOD" missed="2" covered="6"/><counter type="CLASS" missed="0" covered="1"/></sourcefile><counter type="INSTRUCTION" missed="12" covered="37"/><counter type="LINE" missed="3" covered="9"/><counter type="COMPLEXITY" missed="2" covered="6"/><counter type="METHOD" missed="2" covered="6"/><counter type="CLASS" missed="0" covered="1"/></package><package name="com/financafacil/presentation/dto/request"><class name="com/financafacil/presentation/dto/request/CreateCategoryRequest" sourcefilename="CreateCategoryRequest.java"/><class name="com/financafacil/presentation/dto/request/UpdateAccountRequest" sourcefilename="UpdateAccountRequest.java"/><class name="com/financafacil/presentation/dto/request/RegisterRequest" sourcefilename="RegisterRequest.java"/><class name="com/financafacil/presentation/dto/request/CreateTransferRequest" sourcefilename="CreateTransferRequest.java"/><class name="com/financafacil/presentation/dto/request/ResetPasswordRequest" sourcefilename="ResetPasswordRequest.java"/><class name="com/financafacil/presentation/dto/request/LoginRequest" sourcefilename="LoginRequest.java"/><class name="com/financafacil/presentation/dto/request/TransactionFilterRequest" sourcefilename="TransactionFilterRequest.java"/><class name="com/financafacil/presentation/dto/request/UpdateBudgetRequest" sourcefilename="UpdateBudgetRequest.java"/><class name="com/financafacil/presentation/dto/request/ForgotPasswordRequest" sourcefilename="ForgotPasswordRequest.java"/><class name="com/financafacil/presentation/dto/request/VerifyEmailRequest" sourcefilename="VerifyEmailRequest.java"/><class name="com/financafacil/presentation/dto/request/UpdateRecurringTransactionRequest" sourcefilename="UpdateRecurringTransactionRequest.java"/><class name="com/financafacil/presentation/dto/request/CreateBudgetRequest" sourcefilename="CreateBudgetRequest.java"/><class name="com/financafacil/presentation/dto/request/CreateTransactionRequest" sourcefilename="CreateTransactionRequest.java"/><class name="com/financafacil/presentation/dto/request/RefreshRequest" sourcefilename="RefreshRequest.java"/><class name="com/financafacil/presentation/dto/request/UpdateCategoryRequest" sourcefilename="UpdateCategoryRequest.java"/><class name="com/financafacil/presentation/dto/request/LogoutRequest" sourcefilename="LogoutRequest.java"/><class name="com/financafacil/presentation/dto/request/CreateRecurringTransactionRequest" sourcefilename="CreateRecurringTransactionRequest.java"/><class name="com/financafacil/presentation/dto/request/CreateAccountRequest" sourcefilename="CreateAccountRequest.java"/><class name="com/financafacil/presentation/dto/request/UpdateTransactionRequest" sourcefilename="UpdateTransactionRequest.java"/><sourcefile name="UpdateCategoryRequest.java"/><sourcefile name="UpdateTransactionRequest.java"/><sourcefile name="LogoutRequest.java"/><sourcefile name="CreateRecurringTransactionRequest.java"/><sourcefile name="VerifyEmailRequest.java"/><sourcefile name="RegisterRequest.java"/><sourcefile name="UpdateBudgetRequest.java"/><sourcefile name="UpdateAccountRequest.java"/><sourcefile name="LoginRequest.java"/><sourcefile name="CreateCategoryRequest.java"/><sourcefile name="TransactionFilterRequest.java"/><sourcefile name="CreateTransferRequest.java"/><sourcefile name="ForgotPasswordRequest.java"/><sourcefile name="RefreshRequest.java"/><sourcefile name="UpdateRecurringTransactionRequest.java"/><sourcefile name="CreateBudgetRequest.java"/><sourcefile name="CreateTransactionRequest.java"/><sourcefile name="ResetPasswordRequest.java"/><sourcefile name="CreateAccountRequest.java"/></package><package name="com/financafacil/application/port/in"><class name="com/financafacil/application/port/in/AuthUseCase" sourcefilename="AuthUseCase.java"/><sourcefile name="AuthUseCase.java"/></package><package name="com/financafacil/domain/port/out"><class name="com/financafacil/domain/port/out/PasswordResetTokenRepository" sourcefilename="PasswordResetTokenRepository.java"/><class name="com/financafacil/domain/port/out/EmailVerificationTokenRepository$TokenData" sourcefilename="EmailVerificationTokenRepository.java"><method name="&lt;init&gt;" desc="(Ljava/util/UUID;Ljava/util/UUID;Ljava/time/Instant;Z)V" line="12"><counter type="INSTRUCTION" missed="0" covered="15"/><counter type="LINE" missed="0" covered="1"/><counter type="COMPLEXITY" missed="0" covered="1"/><counter type="METHOD" missed="0" covered="1"/></method><counter type="INSTRUCTION" missed="0" covered="15"/><counter type="LINE" missed="0" covered="1"/><counter type="COMPLEXITY" missed="0" covered="1"/><counter type="METHOD" missed="0" covered="1"/><counter type="CLASS" missed="0" covered="1"/></class><class name="com/financafacil/domain/port/out/RecurringTransactionRepository" sourcefilename="RecurringTransactionRepository.java"/><class name="com/financafacil/domain/port/out/BudgetRepository" sourcefilename="BudgetRepository.java"/><class name="com/financafacil/domain/port/out/EmailVerificationTokenRepository" sourcefilename="EmailVerificationTokenRepository.java"/><class name="com/financafacil/domain/port/out/RefreshTokenRepository" sourcefilename="RefreshTokenRepository.java"/><class name="com/financafacil/domain/port/out/AccountRepository" sourcefilename="AccountRepository.java"/><class name="com/financafacil/domain/port/out/TransactionRepository$TransactionFilter" sourcefilename="TransactionRepository.java"><method name="&lt;init&gt;" desc="(Ljava/time/LocalDate;Ljava/time/LocalDate;Ljava/util/UUID;Ljava/util/UUID;Ljava/lang/String;Ljava/lang/String;)V" line="19"><counter type="INSTRUCTION" missed="0" covered="21"/><counter type="LINE" missed="0" covered="1"/><counter type="COMPLEXITY" missed="0" covered="1"/><counter type="METHOD" missed="0" covered="1"/></method><counter type="INSTRUCTION" missed="0" covered="21"/><counter type="LINE" missed="0" covered="1"/><counter type="COMPLEXITY" missed="0" covered="1"/><counter type="METHOD" missed="0" covered="1"/><counter type="CLASS" missed="0" covered="1"/></class><class name="com/financafacil/domain/port/out/AuditLogRepository" sourcefilename="AuditLogRepository.java"/><class name="com/financafacil/domain/port/out/PasswordResetTokenRepository$TokenData" sourcefilename="PasswordResetTokenRepository.java"><method name="&lt;init&gt;" desc="(Ljava/util/UUID;Ljava/util/UUID;Ljava/time/Instant;Z)V" line="12"><counter type="INSTRUCTION" missed="0" covered="15"/><counter type="LINE" missed="0" covered="1"/><counter type="COMPLEXITY" missed="0" covered="1"/><counter type="METHOD" missed="0" covered="1"/></method><counter type="INSTRUCTION" missed="0" covered="15"/><counter type="LINE" missed="0" covered="1"/><counter type="COMPLEXITY" missed="0" covered="1"/><counter type="METHOD" missed="0" covered="1"/><counter type="CLASS" missed="0" covered="1"/></class><class name="com/financafacil/domain/port/out/CategoryRepository" sourcefilename="CategoryRepository.java"/><class name="com/financafacil/domain/port/out/UserRepository" sourcefilename="UserRepository.java"/><class name="com/financafacil/domain/port/out/TransactionRepository" sourcefilename="TransactionRepository.java"/><class name="com/financafacil/domain/port/out/TransferRepository" sourcefilename="TransferRepository.java"/><class name="com/financafacil/domain/port/out/EmailService" sourcefilename="EmailService.java"/><class name="com/financafacil/domain/port/out/RefreshTokenRepository$RefreshTokenData" sourcefilename="RefreshTokenRepository.java"><method name="&lt;init&gt;" desc="(Ljava/util/UUID;Ljava/util/UUID;Ljava/time/Instant;Z)V" line="13"><counter type="INSTRUCTION" missed="0" covered="15"/><counter type="LINE" missed="0" covered="1"/><counter type="COMPLEXITY" missed="0" covered="1"/><counter type="METHOD" missed="0" covered="1"/></method><counter type="INSTRUCTION" missed="0" covered="15"/><counter type="LINE" missed="0" covered="1"/><counter type="COMPLEXITY" missed="0" covered="1"/><counter type="METHOD" missed="0" covered="1"/><counter type="CLASS" missed="0" covered="1"/></class><sourcefile name="BudgetRepository.java"/><sourcefile name="UserRepository.java"/><sourcefile name="RefreshTokenRepository.java"><line nr="13" mi="0" ci="15" mb="0" cb="0"/><counter type="INSTRUCTION" missed="0" covered="15"/><counter type="LINE" missed="0" covered="1"/><counter type="COMPLEXITY" missed="0" covered="1"/><counter type="METHOD" missed="0" covered="1"/><counter type="CLASS" missed="0" covered="1"/></sourcefile><sourcefile name="EmailService.java"/><sourcefile name="RecurringTransactionRepository.java"/><sourcefile name="PasswordResetTokenRepository.java"><line nr="12" mi="0" ci="15" mb="0" cb="0"/><counter type="INSTRUCTION" missed="0" covered="15"/><counter type="LINE" missed="0" covered="1"/><counter type="COMPLEXITY" missed="0" covered="1"/><counter type="METHOD" missed="0" covered="1"/><counter type="CLASS" missed="0" covered="1"/></sourcefile><sourcefile name="AuditLogRepository.java"/><sourcefile name="CategoryRepository.java"/><sourcefile name="EmailVerificationTokenRepository.java"><line nr="12" mi="0" ci="15" mb="0" cb="0"/><counter type="INSTRUCTION" missed="0" covered="15"/><counter type="LINE" missed="0" covered="1"/><counter type="COMPLEXITY" missed="0" covered="1"/><counter type="METHOD" missed="0" covered="1"/><counter type="CLASS" missed="0" covered="1"/></sourcefile><sourcefile name="AccountRepository.java"/><sourcefile name="TransferRepository.java"/><sourcefile name="TransactionRepository.java"><line nr="19" mi="0" ci="21" mb="0" cb="0"/><counter type="INSTRUCTION" missed="0" covered="21"/><counter type="LINE" missed="0" covered="1"/><counter type="COMPLEXITY" missed="0" covered="1"/><counter type="METHOD" missed="0" covered="1"/><counter type="CLASS" missed="0" covered="1"/></sourcefile><counter type="INSTRUCTION" missed="0" covered="66"/><counter type="LINE" missed="0" covered="4"/><counter type="COMPLEXITY" missed="0" covered="4"/><counter type="METHOD" missed="0" covered="4"/><counter type="CLASS" missed="0" covered="4"/></package><package name="com/financafacil/presentation/dto/response"><class name="com/financafacil/presentation/dto/response/MonthlySeriesResponse" sourcefilename="MonthlySeriesResponse.java"/><class name="com/financafacil/presentation/dto/response/AccountResponse$AccountResponseBuilder" sourcefilename="AccountResponse.java"/><class name="com/financafacil/presentation/dto/response/CategoryBreakdownResponse$CategoryBreakdownResponseBuilder" sourcefilename="CategoryBreakdownResponse.java"/><class name="com/financafacil/presentation/dto/response/RecurringTransactionResponse" sourcefilename="RecurringTransactionResponse.java"/><class name="com/financafacil/presentation/dto/response/TransactionResponse" sourcefilename="TransactionResponse.java"/><class name="com/financafacil/presentation/dto/response/DashboardSummaryResponse" sourcefilename="DashboardSummaryResponse.java"/><class name="com/financafacil/presentation/dto/response/ApiResponse$ApiResponseBuilder" sourcefilename="ApiResponse.java"/><class name="com/financafacil/presentation/dto/response/ApiResponse$ErrorDetail" sourcefilename="ApiResponse.java"><method name="&lt;init&gt;" desc="(Ljava/lang/String;Ljava/lang/String;)V" line="27"><counter type="INSTRUCTION" missed="0" covered="9"/><counter type="LINE" missed="0" covered="1"/><counter type="COMPLEXITY" missed="0" covered="1"/><counter type="METHOD" missed="0" covered="1"/></method><counter type="INSTRUCTION" missed="0" covered="9"/><counter type="LINE" missed="0" covered="1"/><counter type="COMPLEXITY" missed="0" covered="1"/><counter type="METHOD" missed="0" covered="1"/><counter type="CLASS" missed="0" covered="1"/></class><class name="com/financafacil/presentation/dto/response/BudgetResponse$BudgetResponseBuilder" sourcefilename="BudgetResponse.java"/><class name="com/financafacil/presentation/dto/response/DashboardSummaryResponse$DashboardSummaryResponseBuilder" sourcefilename="DashboardSummaryResponse.java"/><class name="com/financafacil/presentation/dto/response/PageResponse$PageResponseBuilder" sourcefilename="PageResponse.java"/><class name="com/financafacil/presentation/dto/response/ApiResponse" sourcefilename="ApiResponse.java"><method name="ok" desc="(Ljava/lang/Object;)Lcom/financafacil/presentation/dto/response/ApiResponse;" line="19"><counter type="INSTRUCTION" missed="0" covered="11"/><counter type="LINE" missed="0" covered="1"/><counter type="COMPLEXITY" missed="0" covered="1"/><counter type="METHOD" missed="0" covered="1"/></method><method name="error" desc="(Ljava/lang/String;Ljava/lang/String;)Lcom/financafacil/presentation/dto/response/ApiResponse;" line="23"><counter type="INSTRUCTION" missed="0" covered="13"/><counter type="LINE" missed="0" covered="2"/><counter type="COMPLEXITY" missed="0" covered="1"/><counter type="METHOD" missed="0" covered="1"/></method><counter type="INSTRUCTION" missed="0" covered="24"/><counter type="LINE" missed="0" covered="3"/><counter type="COMPLEXITY" missed="0" covered="2"/><counter type="METHOD" missed="0" covered="2"/><counter type="CLASS" missed="0" covered="1"/></class><class name="com/financafacil/presentation/dto/response/BudgetResponse" sourcefilename="BudgetResponse.java"/><class name="com/financafacil/presentation/dto/response/TransactionResponse$TransactionResponseBuilder" sourcefilename="TransactionResponse.java"/><class name="com/financafacil/presentation/dto/response/CategoryBreakdownResponse" sourcefilename="CategoryBreakdownResponse.java"/><class name="com/financafacil/presentation/dto/response/CategoryResponse" sourcefilename="CategoryResponse.java"/><class name="com/financafacil/presentation/dto/response/TransferResponse" sourcefilename="TransferResponse.java"/><class name="com/financafacil/presentation/dto/response/CategoryResponse$CategoryResponseBuilder" sourcefilename="CategoryResponse.java"/><class name="com/financafacil/presentation/dto/response/RecurringTransactionResponse$RecurringTransactionResponseBuilder" sourcefilename="RecurringTransactionResponse.java"/><class name="com/financafacil/presentation/dto/response/MonthlySeriesResponse$MonthlySeriesResponseBuilder" sourcefilename="MonthlySeriesResponse.java"/><class name="com/financafacil/presentation/dto/response/AccountResponse" sourcefilename="AccountResponse.java"/><class name="com/financafacil/presentation/dto/response/PageResponse" sourcefilename="PageResponse.java"/><class name="com/financafacil/presentation/dto/response/TransferResponse$TransferResponseBuilder" sourcefilename="TransferResponse.java"/><sourcefile name="BudgetResponse.java"/><sourcefile name="ApiResponse.java"><line nr="19" mi="0" ci="11" mb="0" cb="0"/><line nr="23" mi="0" ci="9" mb="0" cb="0"/><line nr="24" mi="0" ci="4" mb="0" cb="0"/><line nr="27" mi="0" ci="9" mb="0" cb="0"/><counter type="INSTRUCTION" missed="0" covered="33"/><counter type="LINE" missed="0" covered="4"/><counter type="COMPLEXITY" missed="0" covered="3"/><counter type="METHOD" missed="0" covered="3"/><counter type="CLASS" missed="0" covered="2"/></sourcefile><sourcefile name="TransactionResponse.java"/><sourcefile name="MonthlySeriesResponse.java"/><sourcefile name="CategoryResponse.java"/><sourcefile name="RecurringTransactionResponse.java"/><sourcefile name="TransferResponse.java"/><sourcefile name="PageResponse.java"/><sourcefile name="DashboardSummaryResponse.java"/><sourcefile name="AccountResponse.java"/><sourcefile name="CategoryBreakdownResponse.java"/><counter type="INSTRUCTION" missed="0" covered="33"/><counter type="LINE" missed="0" covered="4"/><counter type="COMPLEXITY" missed="0" covered="3"/><counter type="METHOD" missed="0" covered="3"/><counter type="CLASS" missed="0" covered="2"/></package><package name="com/financafacil/domain/model"><class name="com/financafacil/domain/model/RecurringTransaction$RecurringTransactionBuilder" sourcefilename="RecurringTransaction.java"/><class name="com/financafacil/domain/model/Category$CategoryBuilder" sourcefilename="Category.java"/><class name="com/financafacil/domain/model/Category" sourcefilename="Category.java"/><class name="com/financafacil/domain/model/Transaction" sourcefilename="Transaction.java"/><class name="com/financafacil/domain/model/Budget" sourcefilename="Budget.java"/><class name="com/financafacil/domain/model/Budget$BudgetBuilder" sourcefilename="Budget.java"/><class name="com/financafacil/domain/model/RecurringTransaction" sourcefilename="RecurringTransaction.java"/><class name="com/financafacil/domain/model/Account" sourcefilename="Account.java"/><class name="com/financafacil/domain/model/Transfer$TransferBuilder" sourcefilename="Transfer.java"/><class name="com/financafacil/domain/model/User" sourcefilename="User.java"/><class name="com/financafacil/domain/model/Transfer" sourcefilename="Transfer.java"/><class name="com/financafacil/domain/model/Account$AccountBuilder" sourcefilename="Account.java"/><class name="com/financafacil/domain/model/Transaction$TransactionBuilder" sourcefilename="Transaction.java"/><class name="com/financafacil/domain/model/User$UserBuilder" sourcefilename="User.java"/><sourcefile name="Transaction.java"/><sourcefile name="Account.java"/><sourcefile name="Budget.java"/><sourcefile name="Transfer.java"/><sourcefile name="Category.java"/><sourcefile name="RecurringTransaction.java"/><sourcefile name="User.java"/></package><package name="com/financafacil/presentation/controller"><class name="com/financafacil/presentation/controller/AccountController" sourcefilename="AccountController.java"><method name="findAll" desc="(Ljava/lang/Object;)Lcom/financafacil/presentation/dto/response/ApiResponse;" line="25"><counter type="INSTRUCTION" missed="0" covered="8"/><counter type="LINE" missed="0" covered="1"/><counter type="COMPLEXITY" missed="0" covered="1"/><counter type="METHOD" missed="0" covered="1"/></method><method name="create" desc="(Ljava/lang/Object;Lcom/financafacil/presentation/dto/request/CreateAccountRequest;)Lcom/financafacil/presentation/dto/response/ApiResponse;" line="32"><counter type="INSTRUCTION" missed="0" covered="16"/><counter type="LINE" missed="0" covered="6"/><counter type="COMPLEXITY" missed="0" covered="1"/><counter type="METHOD" missed="0" covered="1"/></method><method name="update" desc="(Ljava/lang/Object;Ljava/util/UUID;Lcom/financafacil/presentation/dto/request/UpdateAccountRequest;)Lcom/financafacil/presentation/dto/response/ApiResponse;" line="44"><counter type="INSTRUCTION" missed="0" covered="15"/><counter type="LINE" missed="0" covered="5"/><counter type="COMPLEXITY" missed="0" covered="1"/><counter type="METHOD" missed="0" covered="1"/></method><method name="delete" desc="(Ljava/lang/Object;Ljava/util/UUID;)V" line="55"><counter type="INSTRUCTION" missed="8" covered="0"/><counter type="LINE" missed="2" covered="0"/><counter type="COMPLEXITY" missed="1" covered="0"/><counter type="METHOD" missed="1" covered="0"/></method><method name="getBalance" desc="(Ljava/lang/Object;Ljava/util/UUID;)Lcom/financafacil/presentation/dto/response/ApiResponse;" line="61"><counter type="INSTRUCTION" missed="0" covered="9"/><counter type="LINE" missed="0" covered="1"/><counter type="COMPLEXITY" missed="0" covered="1"/><counter type="METHOD" missed="0" covered="1"/></method><method name="toUuid" desc="(Ljava/lang/Object;)Ljava/util/UUID;" line="65"><counter type="INSTRUCTION" missed="0" covered="4"/><counter type="LINE" missed="0" covered="1"/><counter type="COMPLEXITY" missed="0" covered="1"/><counter type="METHOD" missed="0" covered="1"/></method><counter type="INSTRUCTION" missed="8" covered="52"/><counter type="LINE" missed="2" covered="14"/><counter type="COMPLEXITY" missed="1" covered="5"/><counter type="METHOD" missed="1" covered="5"/><counter type="CLASS" missed="0" covered="1"/></class><class name="com/financafacil/presentation/controller/RecurringTransactionController" sourcefilename="RecurringTransactionController.java"><method name="findAll" desc="(Ljava/lang/Object;)Lcom/financafacil/presentation/dto/response/ApiResponse;" line="24"><counter type="INSTRUCTION" missed="8" covered="0"/><counter type="LINE" missed="1" covered="0"/><counter type="COMPLEXITY" missed="1" covered="0"/><counter type="METHOD" missed="1" covered="0"/></method><method name="create" desc="(Ljava/lang/Object;Lcom/financafacil/presentation/dto/request/CreateRecurringTransactionRequest;)Lcom/financafacil/presentation/dto/response/ApiResponse;" line="31"><counter type="INSTRUCTION" missed="20" covered="0"/><counter type="LINE" missed="8" covered="0"/><counter type="COMPLEXITY" missed="1" covered="0"/><counter type="METHOD" missed="1" covered="0"/></method><method name="update" desc="(Ljava/lang/Object;Ljava/util/UUID;Lcom/financafacil/presentation/dto/request/UpdateRecurringTransactionRequest;)Lcom/financafacil/presentation/dto/response/ApiResponse;" line="45"><counter type="INSTRUCTION" missed="21" covered="0"/><counter type="LINE" missed="8" covered="0"/><counter type="COMPLEXITY" missed="1" covered="0"/><counter type="METHOD" missed="1" covered="0"/></method><method name="delete" desc="(Ljava/lang/Object;Ljava/util/UUID;)V" line="59"><counter type="INSTRUCTION" missed="8" covered="0"/><counter type="LINE" missed="2" covered="0"/><counter type="COMPLEXITY" missed="1" covered="0"/><counter type="METHOD" missed="1" covered="0"/></method><method name="toggleActive" desc="(Ljava/lang/Object;Ljava/util/UUID;)Lcom/financafacil/presentation/dto/response/ApiResponse;" line="65"><counter type="INSTRUCTION" missed="9" covered="0"/><counter type="LINE" missed="1" covered="0"/><counter type="COMPLEXITY" missed="1" covered="0"/><counter type="METHOD" missed="1" covered="0"/></method><method name="toUuid" desc="(Ljava/lang/Object;)Ljava/util/UUID;" line="69"><counter type="INSTRUCTION" missed="4" covered="0"/><counter type="LINE" missed="1" covered="0"/><counter type="COMPLEXITY" missed="1" covered="0"/><counter type="METHOD" missed="1" covered="0"/></method><counter type="INSTRUCTION" missed="70" covered="0"/><counter type="LINE" missed="21" covered="0"/><counter type="COMPLEXITY" missed="6" covered="0"/><counter type="METHOD" missed="6" covered="0"/><counter type="CLASS" missed="1" covered="0"/></class><class name="com/financafacil/presentation/controller/BudgetController" sourcefilename="BudgetController.java"><method name="findAll" desc="(Ljava/lang/Object;)Lcom/financafacil/presentation/dto/response/ApiResponse;" line="24"><counter type="INSTRUCTION" missed="8" covered="0"/><counter type="LINE" missed="1" covered="0"/><counter type="COMPLEXITY" missed="1" covered="0"/><counter type="METHOD" missed="1" covered="0"/></method><method name="create" desc="(Ljava/lang/Object;Lcom/financafacil/presentation/dto/request/CreateBudgetRequest;)Lcom/financafacil/presentation/dto/response/ApiResponse;" line="31"><counter type="INSTRUCTION" missed="16" covered="0"/><counter type="LINE" missed="6" covered="0"/><counter type="COMPLEXITY" missed="1" covered="0"/><counter type="METHOD" missed="1" covered="0"/></method><method name="update" desc="(Ljava/lang/Object;Ljava/util/UUID;Lcom/financafacil/presentation/dto/request/UpdateBudgetRequest;)Lcom/financafacil/presentation/dto/response/ApiResponse;" line="43"><counter type="INSTRUCTION" missed="11" covered="0"/><counter type="LINE" missed="1" covered="0"/><counter type="COMPLEXITY" missed="1" covered="0"/><counter type="METHOD" missed="1" covered="0"/></method><method name="delete" desc="(Ljava/lang/Object;Ljava/util/UUID;)V" line="49"><counter type="INSTRUCTION" missed="8" covered="0"/><counter type="LINE" missed="2" covered="0"/><counter type="COMPLEXITY" missed="1" covered="0"/><counter type="METHOD" missed="1" covered="0"/></method><method name="toUuid" desc="(Ljava/lang/Object;)Ljava/util/UUID;" line="53"><counter type="INSTRUCTION" missed="4" covered="0"/><counter type="LINE" missed="1" covered="0"/><counter type="COMPLEXITY" missed="1" covered="0"/><counter type="METHOD" missed="1" covered="0"/></method><counter type="INSTRUCTION" missed="47" covered="0"/><counter type="LINE" missed="11" covered="0"/><counter type="COMPLEXITY" missed="5" covered="0"/><counter type="METHOD" missed="5" covered="0"/><counter type="CLASS" missed="1" covered="0"/></class><class name="com/financafacil/presentation/controller/TransferController" sourcefilename="TransferController.java"><method name="findAll" desc="(Ljava/lang/Object;)Lcom/financafacil/presentation/dto/response/ApiResponse;" line="23"><counter type="INSTRUCTION" missed="8" covered="0"/><counter type="LINE" missed="1" covered="0"/><counter type="COMPLEXITY" missed="1" covered="0"/><counter type="METHOD" missed="1" covered="0"/></method><method name="create" desc="(Ljava/lang/Object;Lcom/financafacil/presentation/dto/request/CreateTransferRequest;)Lcom/financafacil/presentation/dto/response/ApiResponse;" line="30"><counter type="INSTRUCTION" missed="18" covered="0"/><counter type="LINE" missed="7" covered="0"/><counter type="COMPLEXITY" missed="1" covered="0"/><counter type="METHOD" missed="1" covered="0"/></method><method name="delete" desc="(Ljava/lang/Object;Ljava/util/UUID;)V" line="42"><counter type="INSTRUCTION" missed="8" covered="0"/><counter type="LINE" missed="2" covered="0"/><counter type="COMPLEXITY" missed="1" covered="0"/><counter type="METHOD" missed="1" covered="0"/></method><method name="toUuid" desc="(Ljava/lang/Object;)Ljava/util/UUID;" line="46"><counter type="INSTRUCTION" missed="4" covered="0"/><counter type="LINE" missed="1" covered="0"/><counter type="COMPLEXITY" missed="1" covered="0"/><counter type="METHOD" missed="1" covered="0"/></method><counter type="INSTRUCTION" missed="38" covered="0"/><counter type="LINE" missed="11" covered="0"/><counter type="COMPLEXITY" missed="4" covered="0"/><counter type="METHOD" missed="4" covered="0"/><counter type="CLASS" missed="1" covered="0"/></class><class name="com/financafacil/presentation/controller/TransactionController" sourcefilename="TransactionController.java"><method name="findAll" desc="(Ljava/lang/Object;Ljava/time/LocalDate;Ljava/time/LocalDate;Ljava/util/UUID;Ljava/util/UUID;Ljava/lang/String;Ljava/lang/String;IILjava/lang/String;)Lcom/financafacil/presentation/dto/response/ApiResponse;" line="38"><counter type="INSTRUCTION" missed="2" covered="48"/><counter type="BRANCH" missed="2" covered="2"/><counter type="LINE" missed="0" covered="5"/><counter type="COMPLEXITY" missed="2" covered="1"/><counter type="METHOD" missed="0" covered="1"/></method><method name="create" desc="(Ljava/lang/Object;Lcom/financafacil/presentation/dto/request/CreateTransactionRequest;)Lcom/financafacil/presentation/dto/response/ApiResponse;" line="50"><counter type="INSTRUCTION" missed="0" covered="22"/><counter type="LINE" missed="0" covered="9"/><counter type="COMPLEXITY" missed="0" covered="1"/><counter type="METHOD" missed="0" covered="1"/></method><method name="update" desc="(Ljava/lang/Object;Ljava/util/UUID;Lcom/financafacil/presentation/dto/request/UpdateTransactionRequest;)Lcom/financafacil/presentation/dto/response/ApiResponse;" line="65"><counter type="INSTRUCTION" missed="23" covered="0"/><counter type="LINE" missed="9" covered="0"/><counter type="COMPLEXITY" missed="1" covered="0"/><counter type="METHOD" missed="1" covered="0"/></method><method name="delete" desc="(Ljava/lang/Object;Ljava/util/UUID;)V" line="80"><counter type="INSTRUCTION" missed="0" covered="8"/><counter type="LINE" missed="0" covered="2"/><counter type="COMPLEXITY" missed="0" covered="1"/><counter type="METHOD" missed="0" covered="1"/></method><method name="toUuid" desc="(Ljava/lang/Object;)Ljava/util/UUID;" line="84"><counter type="INSTRUCTION" missed="0" covered="4"/><counter type="LINE" missed="0" covered="1"/><counter type="COMPLEXITY" missed="0" covered="1"/><counter type="METHOD" missed="0" covered="1"/></method><counter type="INSTRUCTION" missed="25" covered="82"/><counter type="BRANCH" missed="2" covered="2"/><counter type="LINE" missed="9" covered="17"/><counter type="COMPLEXITY" missed="3" covered="4"/><counter type="METHOD" missed="1" covered="4"/><counter type="CLASS" missed="0" covered="1"/></class><class name="com/financafacil/presentation/controller/AuthController" sourcefilename="AuthController.java"><method name="register" desc="(Lcom/financafacil/presentation/dto/request/RegisterRequest;)Lcom/financafacil/presentation/dto/response/ApiResponse;" line="25"><counter type="INSTRUCTION" missed="0" covered="11"/><counter type="LINE" missed="0" covered="1"/><counter type="COMPLEXITY" missed="0" covered="1"/><counter type="METHOD" missed="0" covered="1"/></method><method name="login" desc="(Lcom/financafacil/presentation/dto/request/LoginRequest;Ljakarta/servlet/http/HttpServletRequest;)Lcom/financafacil/presentation/dto/response/ApiResponse;" line="30"><counter type="INSTRUCTION" missed="3" covered="11"/><counter type="LINE" missed="0" covered="2"/><counter type="COMPLEXITY" missed="0" covered="1"/><counter type="METHOD" missed="0" covered="1"/></method><method name="refresh" desc="(Lcom/financafacil/presentation/dto/request/RefreshRequest;)Lcom/financafacil/presentation/dto/response/ApiResponse;" line="36"><counter type="INSTRUCTION" missed="7" covered="0"/><counter type="LINE" missed="1" covered="0"/><counter type="COMPLEXITY" missed="1" covered="0"/><counter type="METHOD" missed="1" covered="0"/></method><method name="logout" desc="(Lcom/financafacil/presentation/dto/request/LogoutRequest;)V" line="42"><counter type="INSTRUCTION" missed="6" covered="0"/><counter type="LINE" missed="2" covered="0"/><counter type="COMPLEXITY" missed="1" covered="0"/><counter type="METHOD" missed="1" covered="0"/></method><method name="forgotPassword" desc="(Lcom/financafacil/presentation/dto/request/ForgotPasswordRequest;)Lcom/financafacil/presentation/dto/response/ApiResponse;" line="48"><counter type="INSTRUCTION" missed="8" covered="0"/><counter type="LINE" missed="2" covered="0"/><counter type="COMPLEXITY" missed="1" covered="0"/><counter type="METHOD" missed="1" covered="0"/></method><method name="resetPassword" desc="(Lcom/financafacil/presentation/dto/request/ResetPasswordRequest;)Lcom/financafacil/presentation/dto/response/ApiResponse;" line="54"><counter type="INSTRUCTION" missed="10" covered="0"/><counter type="LINE" missed="2" covered="0"/><counter type="COMPLEXITY" missed="1" covered="0"/><counter type="METHOD" missed="1" covered="0"/></method><method name="verifyEmail" desc="(Lcom/financafacil/presentation/dto/request/VerifyEmailRequest;)Lcom/financafacil/presentation/dto/response/ApiResponse;" line="60"><counter type="INSTRUCTION" missed="8" covered="0"/><counter type="LINE" missed="2" covered="0"/><counter type="COMPLEXITY" missed="1" covered="0"/><counter type="METHOD" missed="1" covered="0"/></method><method name="me" desc="(Ljava/lang/Object;)Lcom/financafacil/presentation/dto/response/ApiResponse;" line="66"><counter type="INSTRUCTION" missed="9" covered="0"/><counter type="LINE" missed="2" covered="0"/><counter type="COMPLEXITY" missed="1" covered="0"/><counter type="METHOD" missed="1" covered="0"/></method><counter type="INSTRUCTION" missed="51" covered="22"/><counter type="LINE" missed="11" covered="3"/><counter type="COMPLEXITY" missed="6" covered="2"/><counter type="METHOD" missed="6" covered="2"/><counter type="CLASS" missed="0" covered="1"/></class><class name="com/financafacil/presentation/controller/CategoryController" sourcefilename="CategoryController.java"><method name="findAll" desc="(Ljava/lang/Object;Ljava/lang/String;)Lcom/financafacil/presentation/dto/response/ApiResponse;" line="25"><counter type="INSTRUCTION" missed="9" covered="0"/><counter type="LINE" missed="1" covered="0"/><counter type="COMPLEXITY" missed="1" covered="0"/><counter type="METHOD" missed="1" covered="0"/></method><method name="create" desc="(Ljava/lang/Object;Lcom/financafacil/presentation/dto/request/CreateCategoryRequest;)Lcom/financafacil/presentation/dto/response/ApiResponse;" line="32"><counter type="INSTRUCTION" missed="16" covered="0"/><counter type="LINE" missed="6" covered="0"/><counter type="COMPLEXITY" missed="1" covered="0"/><counter type="METHOD" missed="1" covered="0"/></method><method name="update" desc="(Ljava/lang/Object;Ljava/util/UUID;Lcom/financafacil/presentation/dto/request/UpdateCategoryRequest;)Lcom/financafacil/presentation/dto/response/ApiResponse;" line="44"><counter type="INSTRUCTION" missed="15" covered="0"/><counter type="LINE" missed="5" covered="0"/><counter type="COMPLEXITY" missed="1" covered="0"/><counter type="METHOD" missed="1" covered="0"/></method><method name="delete" desc="(Ljava/lang/Object;Ljava/util/UUID;)V" line="55"><counter type="INSTRUCTION" missed="8" covered="0"/><counter type="LINE" missed="2" covered="0"/><counter type="COMPLEXITY" missed="1" covered="0"/><counter type="METHOD" missed="1" covered="0"/></method><method name="toUuid" desc="(Ljava/lang/Object;)Ljava/util/UUID;" line="59"><counter type="INSTRUCTION" missed="4" covered="0"/><counter type="LINE" missed="1" covered="0"/><counter type="COMPLEXITY" missed="1" covered="0"/><counter type="METHOD" missed="1" covered="0"/></method><counter type="INSTRUCTION" missed="52" covered="0"/><counter type="LINE" missed="15" covered="0"/><counter type="COMPLEXITY" missed="5" covered="0"/><counter type="METHOD" missed="5" covered="0"/><counter type="CLASS" missed="1" covered="0"/></class><class name="com/financafacil/presentation/controller/DashboardController" sourcefilename="DashboardController.java"><method name="getSummary" desc="(Ljava/lang/Object;II)Lcom/financafacil/presentation/dto/response/ApiResponse;" line="29"><counter type="INSTRUCTION" missed="26" covered="0"/><counter type="BRANCH" missed="4" covered="0"/><counter type="LINE" missed="4" covered="0"/><counter type="COMPLEXITY" missed="3" covered="0"/><counter type="METHOD" missed="1" covered="0"/></method><method name="getMonthlySeries" desc="(Ljava/lang/Object;I)Lcom/financafacil/presentation/dto/response/ApiResponse;" line="39"><counter type="INSTRUCTION" missed="9" covered="0"/><counter type="LINE" missed="1" covered="0"/><counter type="COMPLEXITY" missed="1" covered="0"/><counter type="METHOD" missed="1" covered="0"/></method><method name="getByCategory" desc="(Ljava/lang/Object;IILjava/lang/String;)Lcom/financafacil/presentation/dto/response/ApiResponse;" line="48"><counter type="INSTRUCTION" missed="27" covered="0"/><counter type="BRANCH" missed="4" covered="0"/><counter type="LINE" missed="4" covered="0"/><counter type="COMPLEXITY" missed="3" covered="0"/><counter type="METHOD" missed="1" covered="0"/></method><method name="getRecentTransactions" desc="(Ljava/lang/Object;I)Lcom/financafacil/presentation/dto/response/ApiResponse;" line="58"><counter type="INSTRUCTION" missed="9" covered="0"/><counter type="LINE" missed="1" covered="0"/><counter type="COMPLEXITY" missed="1" covered="0"/><counter type="METHOD" missed="1" covered="0"/></method><method name="toUuid" desc="(Ljava/lang/Object;)Ljava/util/UUID;" line="62"><counter type="INSTRUCTION" missed="4" covered="0"/><counter type="LINE" missed="1" covered="0"/><counter type="COMPLEXITY" missed="1" covered="0"/><counter type="METHOD" missed="1" covered="0"/></method><counter type="INSTRUCTION" missed="75" covered="0"/><counter type="BRANCH" missed="8" covered="0"/><counter type="LINE" missed="11" covered="0"/><counter type="COMPLEXITY" missed="9" covered="0"/><counter type="METHOD" missed="5" covered="0"/><counter type="CLASS" missed="1" covered="0"/></class><sourcefile name="CategoryController.java"><line nr="25" mi="9" ci="0" mb="0" cb="0"/><line nr="32" mi="7" ci="0" mb="0" cb="0"/><line nr="33" mi="2" ci="0" mb="0" cb="0"/><line nr="34" mi="2" ci="0" mb="0" cb="0"/><line nr="35" mi="2" ci="0" mb="0" cb="0"/><line nr="36" mi="2" ci="0" mb="0" cb="0"/><line nr="37" mi="1" ci="0" mb="0" cb="0"/><line nr="44" mi="7" ci="0" mb="0" cb="0"/><line nr="45" mi="3" ci="0" mb="0" cb="0"/><line nr="47" mi="2" ci="0" mb="0" cb="0"/><line nr="48" mi="2" ci="0" mb="0" cb="0"/><line nr="49" mi="1" ci="0" mb="0" cb="0"/><line nr="55" mi="7" ci="0" mb="0" cb="0"/><line nr="56" mi="1" ci="0" mb="0" cb="0"/><line nr="59" mi="4" ci="0" mb="0" cb="0"/><counter type="INSTRUCTION" missed="52" covered="0"/><counter type="LINE" missed="15" covered="0"/><counter type="COMPLEXITY" missed="5" covered="0"/><counter type="METHOD" missed="5" covered="0"/><counter type="CLASS" missed="1" covered="0"/></sourcefile><sourcefile name="AccountController.java"><line nr="25" mi="0" ci="8" mb="0" cb="0"/><line nr="32" mi="0" ci="7" mb="0" cb="0"/><line nr="33" mi="0" ci="2" mb="0" cb="0"/><line nr="34" mi="0" ci="2" mb="0" cb="0"/><line nr="35" mi="0" ci="2" mb="0" cb="0"/><line nr="36" mi="0" ci="2" mb="0" cb="0"/><line nr="37" mi="0" ci="1" mb="0" cb="0"/><line nr="44" mi="0" ci="7" mb="0" cb="0"/><line nr="45" mi="0" ci="3" mb="0" cb="0"/><line nr="47" mi="0" ci="2" mb="0" cb="0"/><line nr="48" mi="0" ci="2" mb="0" cb="0"/><line nr="49" mi="0" ci="1" mb="0" cb="0"/><line nr="55" mi="7" ci="0" mb="0" cb="0"/><line nr="56" mi="1" ci="0" mb="0" cb="0"/><line nr="61" mi="0" ci="9" mb="0" cb="0"/><line nr="65" mi="0" ci="4" mb="0" cb="0"/><counter type="INSTRUCTION" missed="8" covered="52"/><counter type="LINE" missed="2" covered="14"/><counter type="COMPLEXITY" missed="1" covered="5"/><counter type="METHOD" missed="1" covered="5"/><counter type="CLASS" missed="0" covered="1"/></sourcefile><sourcefile name="TransactionController.java"><line nr="38" mi="0" ci="10" mb="0" cb="0"/><line nr="39" mi="0" ci="4" mb="0" cb="0"/><line nr="40" mi="0" ci="4" mb="0" cb="0"/><line nr="41" mi="2" ci="20" mb="2" cb="2"/><line nr="43" mi="0" ci="10" mb="0" cb="0"/><line nr="50" mi="0" ci="7" mb="0" cb="0"/><line nr="51" mi="0" ci="2" mb="0" cb="0"/><line nr="52" mi="0" ci="2" mb="0" cb="0"/><line nr="53" mi="0" ci="2" mb="0" cb="0"/><line nr="54" mi="0" ci="2" mb="0" cb="0"/><line nr="55" mi="0" ci="2" mb="0" cb="0"/><line nr="56" mi="0" ci="2" mb="0" cb="0"/><line nr="57" mi="0" ci="2" mb="0" cb="0"/><line nr="58" mi="0" ci="1" mb="0" cb="0"/><line nr="65" mi="7" ci="0" mb="0" cb="0"/><line nr="66" mi="3" ci="0" mb="0" cb="0"/><line nr="68" mi="2" ci="0" mb="0" cb="0"/><line nr="69" mi="2" ci="0" mb="0" cb="0"/><line nr="70" mi="2" ci="0" mb="0" cb="0"/><line nr="71" mi="2" ci="0" mb="0" cb="0"/><line nr="72" mi="2" ci="0" mb="0" cb="0"/><line nr="73" mi="2" ci="0" mb="0" cb="0"/><line nr="74" mi="1" ci="0" mb="0" cb="0"/><line nr="80" mi="0" ci="7" mb="0" cb="0"/><line nr="81" mi="0" ci="1" mb="0" cb="0"/><line nr="84" mi="0" ci="4" mb="0" cb="0"/><counter type="INSTRUCTION" missed="25" covered="82"/><counter type="BRANCH" missed="2" covered="2"/><counter type="LINE" missed="9" covered="17"/><counter type="COMPLEXITY" missed="3" covered="4"/><counter type="METHOD" missed="1" covered="4"/><counter type="CLASS" missed="0" covered="1"/></sourcefile><sourcefile name="TransferController.java"><line nr="23" mi="8" ci="0" mb="0" cb="0"/><line nr="30" mi="7" ci="0" mb="0" cb="0"/><line nr="31" mi="2" ci="0" mb="0" cb="0"/><line nr="32" mi="2" ci="0" mb="0" cb="0"/><line nr="33" mi="2" ci="0" mb="0" cb="0"/><line nr="34" mi="2" ci="0" mb="0" cb="0"/><line nr="35" mi="2" ci="0" mb="0" cb="0"/><line nr="36" mi="1" ci="0" mb="0" cb="0"/><line nr="42" mi="7" ci="0" mb="0" cb="0"/><line nr="43" mi="1" ci="0" mb="0" cb="0"/><line nr="46" mi="4" ci="0" mb="0" cb="0"/><counter type="INSTRUCTION" missed="38" covered="0"/><counter type="LINE" missed="11" covered="0"/><counter type="COMPLEXITY" missed="4" covered="0"/><counter type="METHOD" missed="4" covered="0"/><counter type="CLASS" missed="1" covered="0"/></sourcefile><sourcefile name="AuthController.java"><line nr="25" mi="0" ci="11" mb="0" cb="0"/><line nr="30" mi="3" ci="7" mb="0" cb="0"/><line nr="31" mi="0" ci="4" mb="0" cb="0"/><line nr="36" mi="7" ci="0" mb="0" cb="0"/><line nr="42" mi="5" ci="0" mb="0" cb="0"/><line nr="43" mi="1" ci="0" mb="0" cb="0"/><line nr="48" mi="5" ci="0" mb="0" cb="0"/><line nr="49" mi="3" ci="0" mb="0" cb="0"/><line nr="54" mi="7" ci="0" mb="0" cb="0"/><line nr="55" mi="3" ci="0" mb="0" cb="0"/><line nr="60" mi="5" ci="0" mb="0" cb="0"/><line nr="61" mi="3" ci="0" mb="0" cb="0"/><line nr="66" mi="3" ci="0" mb="0" cb="0"/><line nr="67" mi="6" ci="0" mb="0" cb="0"/><counter type="INSTRUCTION" missed="51" covered="22"/><counter type="LINE" missed="11" covered="3"/><counter type="COMPLEXITY" missed="6" covered="2"/><counter type="METHOD" missed="6" covered="2"/><counter type="CLASS" missed="0" covered="1"/></sourcefile><sourcefile name="DashboardController.java"><line nr="29" mi="2" ci="0" mb="0" cb="0"/><line nr="30" mi="7" ci="0" mb="2" cb="0"/><line nr="31" mi="7" ci="0" mb="2" cb="0"/><line nr="32" mi="10" ci="0" mb="0" cb="0"/><line nr="39" mi="9" ci="0" mb="0" cb="0"/><line nr="48" mi="2" ci="0" mb="0" cb="0"/><line nr="49" mi="7" ci="0" mb="2" cb="0"/><line nr="50" mi="7" ci="0" mb="2" cb="0"/><line nr="51" mi="11" ci="0" mb="0" cb="0"/><line nr="58" mi="9" ci="0" mb="0" cb="0"/><line nr="62" mi="4" ci="0" mb="0" cb="0"/><counter type="INSTRUCTION" missed="75" covered="0"/><counter type="BRANCH" missed="8" covered="0"/><counter type="LINE" missed="11" covered="0"/><counter type="COMPLEXITY" missed="9" covered="0"/><counter type="METHOD" missed="5" covered="0"/><counter type="CLASS" missed="1" covered="0"/></sourcefile><sourcefile name="RecurringTransactionController.java"><line nr="24" mi="8" ci="0" mb="0" cb="0"/><line nr="31" mi="7" ci="0" mb="0" cb="0"/><line nr="32" mi="2" ci="0" mb="0" cb="0"/><line nr="33" mi="2" ci="0" mb="0" cb="0"/><line nr="34" mi="2" ci="0" mb="0" cb="0"/><line nr="35" mi="2" ci="0" mb="0" cb="0"/><line nr="36" mi="2" ci="0" mb="0" cb="0"/><line nr="37" mi="2" ci="0" mb="0" cb="0"/><line nr="38" mi="1" ci="0" mb="0" cb="0"/><line nr="45" mi="7" ci="0" mb="0" cb="0"/><line nr="46" mi="3" ci="0" mb="0" cb="0"/><line nr="48" mi="2" ci="0" mb="0" cb="0"/><line nr="49" mi="2" ci="0" mb="0" cb="0"/><line nr="50" mi="2" ci="0" mb="0" cb="0"/><line nr="51" mi="2" ci="0" mb="0" cb="0"/><line nr="52" mi="2" ci="0" mb="0" cb="0"/><line nr="53" mi="1" ci="0" mb="0" cb="0"/><line nr="59" mi="7" ci="0" mb="0" cb="0"/><line nr="60" mi="1" ci="0" mb="0" cb="0"/><line nr="65" mi="9" ci="0" mb="0" cb="0"/><line nr="69" mi="4" ci="0" mb="0" cb="0"/><counter type="INSTRUCTION" missed="70" covered="0"/><counter type="LINE" missed="21" covered="0"/><counter type="COMPLEXITY" missed="6" covered="0"/><counter type="METHOD" missed="6" covered="0"/><counter type="CLASS" missed="1" covered="0"/></sourcefile><sourcefile name="BudgetController.java"><line nr="24" mi="8" ci="0" mb="0" cb="0"/><line nr="31" mi="7" ci="0" mb="0" cb="0"/><line nr="32" mi="2" ci="0" mb="0" cb="0"/><line nr="33" mi="2" ci="0" mb="0" cb="0"/><line nr="34" mi="2" ci="0" mb="0" cb="0"/><line nr="35" mi="2" ci="0" mb="0" cb="0"/><line nr="36" mi="1" ci="0" mb="0" cb="0"/><line nr="43" mi="11" ci="0" mb="0" cb="0"/><line nr="49" mi="7" ci="0" mb="0" cb="0"/><line nr="50" mi="1" ci="0" mb="0" cb="0"/><line nr="53" mi="4" ci="0" mb="0" cb="0"/><counter type="INSTRUCTION" missed="47" covered="0"/><counter type="LINE" missed="11" covered="0"/><counter type="COMPLEXITY" missed="5" covered="0"/><counter type="METHOD" missed="5" covered="0"/><counter type="CLASS" missed="1" covered="0"/></sourcefile><counter type="INSTRUCTION" missed="366" covered="156"/><counter type="BRANCH" missed="10" covered="2"/><counter type="LINE" missed="91" covered="34"/><counter type="COMPLEXITY" missed="39" covered="11"/><counter type="METHOD" missed="33" covered="11"/><counter type="CLASS" missed="5" covered="3"/></package><package name="com/financafacil/domain/port/in"><class name="com/financafacil/domain/port/in/BudgetUseCase" sourcefilename="BudgetUseCase.java"/><class name="com/financafacil/domain/port/in/RecurringTransactionUseCase" sourcefilename="RecurringTransactionUseCase.java"/><class name="com/financafacil/domain/port/in/TransactionUseCase" sourcefilename="TransactionUseCase.java"/><class name="com/financafacil/domain/port/in/DashboardUseCase" sourcefilename="DashboardUseCase.java"/><class name="com/financafacil/domain/port/in/TransferUseCase" sourcefilename="TransferUseCase.java"/><class name="com/financafacil/domain/port/in/CategoryUseCase" sourcefilename="CategoryUseCase.java"/><class name="com/financafacil/domain/port/in/AccountUseCase" sourcefilename="AccountUseCase.java"/><sourcefile name="RecurringTransactionUseCase.java"/><sourcefile name="BudgetUseCase.java"/><sourcefile name="DashboardUseCase.java"/><sourcefile name="AccountUseCase.java"/><sourcefile name="TransferUseCase.java"/><sourcefile name="CategoryUseCase.java"/><sourcefile name="TransactionUseCase.java"/></package><package name="com/financafacil/domain/exception"><class name="com/financafacil/domain/exception/ConflictException" sourcefilename="ConflictException.java"><method name="&lt;init&gt;" desc="(Ljava/lang/String;)V" line="4"><counter type="INSTRUCTION" missed="0" covered="4"/><counter type="LINE" missed="0" covered="1"/><counter type="COMPLEXITY" missed="0" covered="1"/><counter type="METHOD" missed="0" covered="1"/></method><counter type="INSTRUCTION" missed="0" covered="4"/><counter type="LINE" missed="0" covered="1"/><counter type="COMPLEXITY" missed="0" covered="1"/><counter type="METHOD" missed="0" covered="1"/><counter type="CLASS" missed="0" covered="1"/></class><class name="com/financafacil/domain/exception/UnauthorizedException" sourcefilename="UnauthorizedException.java"><method name="&lt;init&gt;" desc="(Ljava/lang/String;)V" line="4"><counter type="INSTRUCTION" missed="0" covered="4"/><counter type="LINE" missed="0" covered="1"/><counter type="COMPLEXITY" missed="0" covered="1"/><counter type="METHOD" missed="0" covered="1"/></method><counter type="INSTRUCTION" missed="0" covered="4"/><counter type="LINE" missed="0" covered="1"/><counter type="COMPLEXITY" missed="0" covered="1"/><counter type="METHOD" missed="0" covered="1"/><counter type="CLASS" missed="0" covered="1"/></class><class name="com/financafacil/domain/exception/DomainException" sourcefilename="DomainException.java"><method name="&lt;init&gt;" desc="(Ljava/lang/String;)V" line="4"><counter type="INSTRUCTION" missed="0" covered="4"/><counter type="LINE" missed="0" covered="1"/><counter type="COMPLEXITY" missed="0" covered="1"/><counter type="METHOD" missed="0" covered="1"/></method><counter type="INSTRUCTION" missed="0" covered="4"/><counter type="LINE" missed="0" covered="1"/><counter type="COMPLEXITY" missed="0" covered="1"/><counter type="METHOD" missed="0" covered="1"/><counter type="CLASS" missed="0" covered="1"/></class><class name="com/financafacil/domain/exception/NotFoundException" sourcefilename="NotFoundException.java"><method name="&lt;init&gt;" desc="(Ljava/lang/String;)V" line="4"><counter type="INSTRUCTION" missed="0" covered="4"/><counter type="LINE" missed="0" covered="1"/><counter type="COMPLEXITY" missed="0" covered="1"/><counter type="METHOD" missed="0" covered="1"/></method><counter type="INSTRUCTION" missed="0" covered="4"/><counter type="LINE" missed="0" covered="1"/><counter type="COMPLEXITY" missed="0" covered="1"/><counter type="METHOD" missed="0" covered="1"/><counter type="CLASS" missed="0" covered="1"/></class><sourcefile name="DomainException.java"><line nr="4" mi="0" ci="4" mb="0" cb="0"/><counter type="INSTRUCTION" missed="0" covered="4"/><counter type="LINE" missed="0" covered="1"/><counter type="COMPLEXITY" missed="0" covered="1"/><counter type="METHOD" missed="0" covered="1"/><counter type="CLASS" missed="0" covered="1"/></sourcefile><sourcefile name="UnauthorizedException.java"><line nr="4" mi="0" ci="4" mb="0" cb="0"/><counter type="INSTRUCTION" missed="0" covered="4"/><counter type="LINE" missed="0" covered="1"/><counter type="COMPLEXITY" missed="0" covered="1"/><counter type="METHOD" missed="0" covered="1"/><counter type="CLASS" missed="0" covered="1"/></sourcefile><sourcefile name="NotFoundException.java"><line nr="4" mi="0" ci="4" mb="0" cb="0"/><counter type="INSTRUCTION" missed="0" covered="4"/><counter type="LINE" missed="0" covered="1"/><counter type="COMPLEXITY" missed="0" covered="1"/><counter type="METHOD" missed="0" covered="1"/><counter type="CLASS" missed="0" covered="1"/></sourcefile><sourcefile name="ConflictException.java"><line nr="4" mi="0" ci="4" mb="0" cb="0"/><counter type="INSTRUCTION" missed="0" covered="4"/><counter type="LINE" missed="0" covered="1"/><counter type="COMPLEXITY" missed="0" covered="1"/><counter type="METHOD" missed="0" covered="1"/><counter type="CLASS" missed="0" covered="1"/></sourcefile><counter type="INSTRUCTION" missed="0" covered="16"/><counter type="LINE" missed="0" covered="4"/><counter type="COMPLEXITY" missed="0" covered="4"/><counter type="METHOD" missed="0" covered="4"/><counter type="CLASS" missed="0" covered="4"/></package><package name="com/financafacil/infrastructure/security/userdetails"><class name="com/financafacil/infrastructure/security/userdetails/UserDetailsServiceImpl" sourcefilename="UserDetailsServiceImpl.java"><method name="loadUserByUsername" desc="(Ljava/lang/String;)Lorg/springframework/security/core/userdetails/UserDetails;" line="17"><counter type="INSTRUCTION" missed="12" covered="0"/><counter type="LINE" missed="4" covered="0"/><counter type="COMPLEXITY" missed="1" covered="0"/><counter type="METHOD" missed="1" covered="0"/></method><method name="lambda$loadUserByUsername$2" desc="()Lorg/springframework/security/core/userdetails/UsernameNotFoundException;" line="23"><counter type="INSTRUCTION" missed="5" covered="0"/><counter type="LINE" missed="1" covered="0"/><counter type="COMPLEXITY" missed="1" covered="0"/><counter type="METHOD" missed="1" covered="0"/></method><method name="lambda$loadUserByUsername$1" desc="(Lcom/financafacil/domain/model/User;)Lorg/springframework/security/core/userdetails/User;" line="19"><counter type="INSTRUCTION" missed="14" covered="0"/><counter type="LINE" missed="4" covered="0"/><counter type="COMPLEXITY" missed="1" covered="0"/><counter type="METHOD" missed="1" covered="0"/></method><method name="lambda$loadUserByUsername$0" desc="(Lcom/financafacil/domain/model/User;)Z" line="18"><counter type="INSTRUCTION" missed="3" covered="0"/><counter type="LINE" missed="1" covered="0"/><counter type="COMPLEXITY" missed="1" covered="0"/><counter type="METHOD" missed="1" covered="0"/></method><counter type="INSTRUCTION" missed="34" covered="0"/><counter type="LINE" missed="7" covered="0"/><counter type="COMPLEXITY" missed="4" covered="0"/><counter type="METHOD" missed="4" covered="0"/><counter type="CLASS" missed="1" covered="0"/></class><sourcefile name="UserDetailsServiceImpl.java"><line nr="17" mi="6" ci="0" mb="0" cb="0"/><line nr="18" mi="5" ci="0" mb="0" cb="0"/><line nr="19" mi="6" ci="0" mb="0" cb="0"/><line nr="20" mi="3" ci="0" mb="0" cb="0"/><line nr="21" mi="5" ci="0" mb="0" cb="0"/><line nr="22" mi="2" ci="0" mb="0" cb="0"/><line nr="23" mi="7" ci="0" mb="0" cb="0"/><counter type="INSTRUCTION" missed="34" covered="0"/><counter type="LINE" missed="7" covered="0"/><counter type="COMPLEXITY" missed="4" covered="0"/><counter type="METHOD" missed="4" covered="0"/><counter type="CLASS" missed="1" covered="0"/></sourcefile><counter type="INSTRUCTION" missed="34" covered="0"/><counter type="LINE" missed="7" covered="0"/><counter type="COMPLEXITY" missed="4" covered="0"/><counter type="METHOD" missed="4" covered="0"/><counter type="CLASS" missed="1" covered="0"/></package><package name="com/financafacil/infrastructure/persistence/mapper"><class name="com/financafacil/infrastructure/persistence/mapper/TransactionJpaMapper" sourcefilename="TransactionJpaMapper.java"/><class name="com/financafacil/infrastructure/persistence/mapper/CategoryJpaMapperImpl" sourcefilename="CategoryJpaMapperImpl.java"><method name="&lt;init&gt;" desc="()V" line="14"><counter type="INSTRUCTION" missed="0" covered="3"/><counter type="LINE" missed="0" covered="1"/><counter type="COMPLEXITY" missed="0" covered="1"/><counter type="METHOD" missed="0" covered="1"/></method><method name="toEntity" desc="(Lcom/financafacil/domain/model/Category;)Lcom/financafacil/infrastructure/persistence/entity/CategoryJpaEntity;" line="18"><counter type="INSTRUCTION" missed="49" covered="0"/><counter type="BRANCH" missed="2" covered="0"/><counter type="LINE" missed="12" covered="0"/><counter type="COMPLEXITY" missed="2" covered="0"/><counter type="METHOD" missed="1" covered="0"/></method><method name="toDomain" desc="(Lcom/financafacil/infrastructure/persistence/entity/CategoryJpaEntity;)Lcom/financafacil/domain/model/Category;" line="38"><counter type="INSTRUCTION" missed="49" covered="0"/><counter type="BRANCH" missed="2" covered="0"/><counter type="LINE" missed="12" covered="0"/><counter type="COMPLEXITY" missed="2" covered="0"/><counter type="METHOD" missed="1" covered="0"/></method><counter type="INSTRUCTION" missed="98" covered="3"/><counter type="BRANCH" missed="4" covered="0"/><counter type="LINE" missed="24" covered="1"/><counter type="COMPLEXITY" missed="4" covered="1"/><counter type="METHOD" missed="2" covered="1"/><counter type="CLASS" missed="0" covered="1"/></class><class name="com/financafacil/infrastructure/persistence/mapper/UserJpaMapperImpl" sourcefilename="UserJpaMapperImpl.java"><method name="&lt;init&gt;" desc="()V" line="14"><counter type="INSTRUCTION" missed="0" covered="3"/><counter type="LINE" missed="0" covered="1"/><counter type="COMPLEXITY" missed="0" covered="1"/><counter type="METHOD" missed="0" covered="1"/></method><method name="toEntity" desc="(Lcom/financafacil/domain/model/User;)Lcom/financafacil/infrastructure/persistence/entity/UserJpaEntity;" line="18"><counter type="INSTRUCTION" missed="2" covered="52"/><counter type="BRANCH" missed="1" covered="1"/><counter type="LINE" missed="1" covered="12"/><counter type="COMPLEXITY" missed="1" covered="1"/><counter type="METHOD" missed="0" covered="1"/></method><method name="toDomain" desc="(Lcom/financafacil/infrastructure/persistence/entity/UserJpaEntity;)Lcom/financafacil/domain/model/User;" line="39"><counter type="INSTRUCTION" missed="2" covered="52"/><counter type="BRANCH" missed="1" covered="1"/><counter type="LINE" missed="1" covered="12"/><counter type="COMPLEXITY" missed="1" covered="1"/><counter type="METHOD" missed="0" covered="1"/></method><counter type="INSTRUCTION" missed="4" covered="107"/><counter type="BRANCH" missed="2" covered="2"/><counter type="LINE" missed="2" covered="25"/><counter type="COMPLEXITY" missed="2" covered="3"/><counter type="METHOD" missed="0" covered="3"/><counter type="CLASS" missed="0" covered="1"/></class><class name="com/financafacil/infrastructure/persistence/mapper/TransferJpaMapperImpl" sourcefilename="TransferJpaMapperImpl.java"><method name="&lt;init&gt;" desc="()V" line="14"><counter type="INSTRUCTION" missed="0" covered="3"/><counter type="LINE" missed="0" covered="1"/><counter type="COMPLEXITY" missed="0" covered="1"/><counter type="METHOD" missed="0" covered="1"/></method><method name="toEntity" desc="(Lcom/financafacil/domain/model/Transfer;)Lcom/financafacil/infrastructure/persistence/entity/TransferJpaEntity;" line="18"><counter type="INSTRUCTION" missed="49" covered="0"/><counter type="BRANCH" missed="2" covered="0"/><counter type="LINE" missed="12" covered="0"/><counter type="COMPLEXITY" missed="2" covered="0"/><counter type="METHOD" missed="1" covered="0"/></method><method name="toDomain" desc="(Lcom/financafacil/infrastructure/persistence/entity/TransferJpaEntity;)Lcom/financafacil/domain/model/Transfer;" line="38"><counter type="INSTRUCTION" missed="49" covered="0"/><counter type="BRANCH" missed="2" covered="0"/><counter type="LINE" missed="12" covered="0"/><counter type="COMPLEXITY" missed="2" covered="0"/><counter type="METHOD" missed="1" covered="0"/></method><counter type="INSTRUCTION" missed="98" covered="3"/><counter type="BRANCH" missed="4" covered="0"/><counter type="LINE" missed="24" covered="1"/><counter type="COMPLEXITY" missed="4" covered="1"/><counter type="METHOD" missed="2" covered="1"/><counter type="CLASS" missed="0" covered="1"/></class><class name="com/financafacil/infrastructure/persistence/mapper/TransferJpaMapper" sourcefilename="TransferJpaMapper.java"/><class name="com/financafacil/infrastructure/persistence/mapper/AccountJpaMapperImpl" sourcefilename="AccountJpaMapperImpl.java"><method name="&lt;init&gt;" desc="()V" line="14"><counter type="INSTRUCTION" missed="0" covered="3"/><counter type="LINE" missed="0" covered="1"/><counter type="COMPLEXITY" missed="0" covered="1"/><counter type="METHOD" missed="0" covered="1"/></method><method name="toEntity" desc="(Lcom/financafacil/domain/model/Account;)Lcom/financafacil/infrastructure/persistence/entity/AccountJpaEntity;" line="18"><counter type="INSTRUCTION" missed="2" covered="47"/><counter type="BRANCH" missed="1" covered="1"/><counter type="LINE" missed="1" covered="11"/><counter type="COMPLEXITY" missed="1" covered="1"/><counter type="METHOD" missed="0" covered="1"/></method><method name="toDomain" desc="(Lcom/financafacil/infrastructure/persistence/entity/AccountJpaEntity;)Lcom/financafacil/domain/model/Account;" line="38"><counter type="INSTRUCTION" missed="2" covered="47"/><counter type="BRANCH" missed="1" covered="1"/><counter type="LINE" missed="1" covered="11"/><counter type="COMPLEXITY" missed="1" covered="1"/><counter type="METHOD" missed="0" covered="1"/></method><counter type="INSTRUCTION" missed="4" covered="97"/><counter type="BRANCH" missed="2" covered="2"/><counter type="LINE" missed="2" covered="23"/><counter type="COMPLEXITY" missed="2" covered="3"/><counter type="METHOD" missed="0" covered="3"/><counter type="CLASS" missed="0" covered="1"/></class><class name="com/financafacil/infrastructure/persistence/mapper/RecurringTransactionJpaMapperImpl" sourcefilename="RecurringTransactionJpaMapperImpl.java"><method name="&lt;init&gt;" desc="()V" line="14"><counter type="INSTRUCTION" missed="0" covered="3"/><counter type="LINE" missed="0" covered="1"/><counter type="COMPLEXITY" missed="0" covered="1"/><counter type="METHOD" missed="0" covered="1"/></method><method name="toEntity" desc="(Lcom/financafacil/domain/model/RecurringTransaction;)Lcom/financafacil/infrastructure/persistence/entity/RecurringTransactionJpaEntity;" line="18"><counter type="INSTRUCTION" missed="64" covered="0"/><counter type="BRANCH" missed="2" covered="0"/><counter type="LINE" missed="15" covered="0"/><counter type="COMPLEXITY" missed="2" covered="0"/><counter type="METHOD" missed="1" covered="0"/></method><method name="toDomain" desc="(Lcom/financafacil/infrastructure/persistence/entity/RecurringTransactionJpaEntity;)Lcom/financafacil/domain/model/RecurringTransaction;" line="41"><counter type="INSTRUCTION" missed="64" covered="0"/><counter type="BRANCH" missed="2" covered="0"/><counter type="LINE" missed="15" covered="0"/><counter type="COMPLEXITY" missed="2" covered="0"/><co
[...]
 missed="1" covered="0"/><counter type="COMPLEXITY" missed="1" covered="0"/><counter type="METHOD" missed="1" covered="0"/></method><method name="findAllByUserId" desc="(Ljava/util/UUID;)Ljava/util/List;" line="33"><counter type="INSTRUCTION" missed="16" covered="0"/><counter type="LINE" missed="3" covered="0"/><counter type="COMPLEXITY" missed="1" covered="0"/><counter type="METHOD" missed="1" covered="0"/></method><method name="findAllByUserIdAndType" desc="(Ljava/util/UUID;Ljava/lang/String;)Ljava/util/List;" line="40"><counter type="INSTRUCTION" missed="17" covered="0"/><counter type="LINE" missed="3" covered="0"/><counter type="COMPLEXITY" missed="1" covered="0"/><counter type="METHOD" missed="1" covered="0"/></method><method name="deleteById" desc="(Ljava/util/UUID;Ljava/util/UUID;)V" line="48"><counter type="INSTRUCTION" missed="6" covered="0"/><counter type="LINE" missed="2" covered="0"/><counter type="COMPLEXITY" missed="1" covered="0"/><counter type="METHOD" missed="1" covered="0"/></method><method name="existsByIdAndUserId" desc="(Ljava/util/UUID;Ljava/util/UUID;)Z" line="53"><counter type="INSTRUCTION" missed="6" covered="0"/><counter type="LINE" missed="1" covered="0"/><counter type="COMPLEXITY" missed="1" covered="0"/><counter type="METHOD" missed="1" covered="0"/></method><counter type="INSTRUCTION" missed="70" covered="0"/><counter type="LINE" missed="11" covered="0"/><counter type="COMPLEXITY" missed="6" covered="0"/><counter type="METHOD" missed="6" covered="0"/><counter type="CLASS" missed="1" covered="0"/></class><class name="com/financafacil/infrastructure/persistence/adapter/RecurringTransactionRepositoryAdapter" sourcefilename="RecurringTransactionRepositoryAdapter.java"><method name="save" desc="(Lcom/financafacil/domain/model/RecurringTransaction;)Lcom/financafacil/domain/model/RecurringTransaction;" line="23"><counter type="INSTRUCTION" missed="12" covered="0"/><counter type="LINE" missed="1" covered="0"/><counter type="COMPLEXITY" missed="1" covered="0"/><counter type="METHOD" missed="1" covered="0"/></method><method name="findById" desc="(Ljava/util/UUID;Ljava/util/UUID;)Ljava/util/Optional;" line="28"><counter type="INSTRUCTION" missed="13" covered="0"/><counter type="LINE" missed="1" covered="0"/><counter type="COMPLEXITY" missed="1" covered="0"/><counter type="METHOD" missed="1" covered="0"/></method><method name="findAllByUserId" desc="(Ljava/util/UUID;)Ljava/util/List;" line="33"><counter type="INSTRUCTION" missed="16" covered="0"/><counter type="LINE" missed="3" covered="0"/><counter type="COMPLEXITY" missed="1" covered="0"/><counter type="METHOD" missed="1" covered="0"/></method><method name="deleteById" desc="(Ljava/util/UUID;Ljava/util/UUID;)V" line="41"><counter type="INSTRUCTION" missed="6" covered="0"/><counter type="LINE" missed="2" covered="0"/><counter type="COMPLEXITY" missed="1" covered="0"/><counter type="METHOD" missed="1" covered="0"/></method><counter type="INSTRUCTION" missed="47" covered="0"/><counter type="LINE" missed="7" covered="0"/><counter type="COMPLEXITY" missed="4" covered="0"/><counter type="METHOD" missed="4" covered="0"/><counter type="CLASS" missed="1" covered="0"/></class><class name="com/financafacil/infrastructure/persistence/adapter/AccountRepositoryAdapter" sourcefilename="AccountRepositoryAdapter.java"><method name="save" desc="(Lcom/financafacil/domain/model/Account;)Lcom/financafacil/domain/model/Account;" line="24"><counter type="INSTRUCTION" missed="0" covered="12"/><counter type="LINE" missed="0" covered="1"/><counter type="COMPLEXITY" missed="0" covered="1"/><counter type="METHOD" missed="0" covered="1"/></method><method name="findById" desc="(Ljava/util/UUID;Ljava/util/UUID;)Ljava/util/Optional;" line="29"><counter type="INSTRUCTION" missed="0" covered="13"/><counter type="LINE" missed="0" covered="1"/><counter type="COMPLEXITY" missed="0" covered="1"/><counter type="METHOD" missed="0" covered="1"/></method><method name="findAllByUserId" desc="(Ljava/util/UUID;)Ljava/util/List;" line="34"><counter type="INSTRUCTION" missed="0" covered="16"/><counter type="LINE" missed="0" covered="3"/><counter type="COMPLEXITY" missed="0" covered="1"/><counter type="METHOD" missed="0" covered="1"/></method><method name="deleteById" desc="(Ljava/util/UUID;Ljava/util/UUID;)V" line="42"><counter type="INSTRUCTION" missed="6" covered="0"/><counter type="LINE" missed="2" covered="0"/><counter type="COMPLEXITY" missed="1" covered="0"/><counter type="METHOD" missed="1" covered="0"/></method><method name="updateBalance" desc="(Ljava/util/UUID;Ljava/math/BigDecimal;)V" line="48"><counter type="INSTRUCTION" missed="6" covered="0"/><counter type="LINE" missed="2" covered="0"/><counter type="COMPLEXITY" missed="1" covered="0"/><counter type="METHOD" missed="1" covered="0"/></method><method name="adjustBalance" desc="(Ljava/util/UUID;Ljava/math/BigDecimal;)V" line="54"><counter type="INSTRUCTION" missed="0" covered="6"/><counter type="LINE" missed="0" covered="2"/><counter type="COMPLEXITY" missed="0" covered="1"/><counter type="METHOD" missed="0" covered="1"/></method><method name="existsByIdAndUserId" desc="(Ljava/util/UUID;Ljava/util/UUID;)Z" line="59"><counter type="INSTRUCTION" missed="0" covered="6"/><counter type="LINE" missed="0" covered="1"/><counter type="COMPLEXITY" missed="0" covered="1"/><counter type="METHOD" missed="0" covered="1"/></method><method name="hasTransactions" desc="(Ljava/util/UUID;)Z" line="64"><counter type="INSTRUCTION" missed="5" covered="0"/><counter type="LINE" missed="1" covered="0"/><counter type="COMPLEXITY" missed="1" covered="0"/><counter type="METHOD" missed="1" covered="0"/></method><counter type="INSTRUCTION" missed="17" covered="53"/><counter type="LINE" missed="5" covered="8"/><counter type="COMPLEXITY" missed="3" covered="5"/><counter type="METHOD" missed="3" covered="5"/><counter type="CLASS" missed="0" covered="1"/></class><class name="com/financafacil/infrastructure/persistence/adapter/TransferRepositoryAdapter" sourcefilename="TransferRepositoryAdapter.java"><method name="save" desc="(Lcom/financafacil/domain/model/Transfer;)Lcom/financafacil/domain/model/Transfer;" line="23"><counter type="INSTRUCTION" missed="12" covered="0"/><counter type="LINE" missed="1" covered="0"/><counter type="COMPLEXITY" missed="1" covered="0"/><counter type="METHOD" missed="1" covered="0"/></method><method name="findById" desc="(Ljava/util/UUID;Ljava/util/UUID;)Ljava/util/Optional;" line="28"><counter type="INSTRUCTION" missed="13" covered="0"/><counter type="LINE" missed="1" covered="0"/><counter type="COMPLEXITY" missed="1" covered="0"/><counter type="METHOD" missed="1" covered="0"/></method><method name="findAllByUserId" desc="(Ljava/util/UUID;)Ljava/util/List;" line="33"><counter type="INSTRUCTION" missed="16" covered="0"/><counter type="LINE" missed="3" covered="0"/><counter type="COMPLEXITY" missed="1" covered="0"/><counter type="METHOD" missed="1" covered="0"/></method><method name="deleteById" desc="(Ljava/util/UUID;Ljava/util/UUID;)V" line="41"><counter type="INSTRUCTION" missed="6" covered="0"/><counter type="LINE" missed="2" covered="0"/><counter type="COMPLEXITY" missed="1" covered="0"/><counter type="METHOD" missed="1" covered="0"/></method><counter type="INSTRUCTION" missed="47" covered="0"/><counter type="LINE" missed="7" covered="0"/><counter type="COMPLEXITY" missed="4" covered="0"/><counter type="METHOD" missed="4" covered="0"/><counter type="CLASS" missed="1" covered="0"/></class><sourcefile name="RecurringTransactionRepositoryAdapter.java"><line nr="23" mi="12" ci="0" mb="0" cb="0"/><line nr="28" mi="13" ci="0" mb="0" cb="0"/><line nr="33" mi="9" ci="0" mb="0" cb="0"/><line nr="34" mi="4" ci="0" mb="0" cb="0"/><line nr="35" mi="3" ci="0" mb="0" cb="0"/><line nr="41" mi="5" ci="0" mb="0" cb="0"/><line nr="42" mi="1" ci="0" mb="0" cb="0"/><counter type="INSTRUCTION" missed="47" covered="0"/><counter type="LINE" missed="7" covered="0"/><counter type="COMPLEXITY" missed="4" covered="0"/><counter type="METHOD" missed="4" covered="0"/><counter type="CLASS" missed="1" covered="0"/></sourcefile><sourcefile name="UserRepositoryAdapter.java"><line nr="18" mi="0" ci="12" mb="0" cb="0"/><line nr="19" mi="0" ci="12" mb="0" cb="0"/><line nr="20" mi="12" ci="0" mb="0" cb="0"/><line nr="21" mi="0" ci="5" mb="0" cb="0"/><counter type="INSTRUCTION" missed="12" covered="29"/><counter type="LINE" missed="1" covered="3"/><counter type="COMPLEXITY" missed="1" covered="3"/><counter type="METHOD" missed="1" covered="3"/><counter type="CLASS" missed="0" covered="1"/></sourcefile><sourcefile name="TransactionRepositoryAdapter.java"><line nr="25" mi="0" ci="12" mb="0" cb="0"/><line nr="30" mi="0" ci="13" mb="0" cb="0"/><line nr="35" mi="0" ci="4" mb="0" cb="0"/><line nr="36" mi="0" ci="13" mb="0" cb="0"/><line nr="41" mi="0" ci="12" mb="0" cb="0"/><line nr="42" mi="0" ci="1" mb="0" cb="0"/><line nr="46" mi="7" ci="0" mb="0" cb="0"/><line nr="47" mi="11" ci="0" mb="0" cb="0"/><line nr="52" mi="7" ci="0" mb="0" cb="0"/><line nr="53" mi="11" ci="0" mb="0" cb="0"/><counter type="INSTRUCTION" missed="36" covered="55"/><counter type="LINE" missed="4" covered="6"/><counter type="COMPLEXITY" missed="2" covered="4"/><counter type="METHOD" missed="2" covered="4"/><counter type="CLASS" missed="0" covered="1"/></sourcefile><sourcefile name="EmailVerificationTokenRepositoryAdapter.java"><line nr="20" mi="0" ci="6" mb="0" cb="0"/><line nr="21" mi="0" ci="6" mb="0" cb="0"/><line nr="22" mi="0" ci="6" mb="0" cb="0"/><line nr="23" mi="0" ci="1" mb="0" cb="0"/><line nr="27" mi="6" ci="0" mb="0" cb="0"/><line nr="28" mi="13" ci="0" mb="0" cb="0"/><line nr="32" mi="5" ci="0" mb="0" cb="0"/><counter type="INSTRUCTION" missed="24" covered="19"/><counter type="LINE" missed="3" covered="4"/><counter type="COMPLEXITY" missed="3" covered="1"/><counter type="METHOD" missed="3" covered="1"/><counter type="CLASS" missed="0" covered="1"/></sourcefile><sourcefile name="CategoryRepositoryAdapter.java"><line nr="23" mi="12" ci="0" mb="0" cb="0"/><line nr="28" mi="13" ci="0" mb="0" cb="0"/><line nr="33" mi="9" ci="0" mb="0" cb="0"/><line nr="34" mi="4" ci="0" mb="0" cb="0"/><line nr="35" mi="3" ci="0" mb="0" cb="0"/><line nr="40" mi="10" ci="0" mb="0" cb="0"/><line nr="41" mi="4" ci="0" mb="0" cb="0"/><line nr="42" mi="3" ci="0" mb="0" cb="0"/><line nr="48" mi="5" ci="0" mb="0" cb="0"/><line nr="49" mi="1" ci="0" mb="0" cb="0"/><line nr="53" mi="6" ci="0" mb="0" cb="0"/><counter type="INSTRUCTION" missed="70" covered="0"/><counter type="LINE" missed="11" covered="0"/><counter type="COMPLEXITY" missed="6" covered="0"/><counter type="METHOD" missed="6" covered="0"/><counter type="CLASS" missed="1" covered="0"/></sourcefile><sourcefile name="TransferRepositoryAdapter.java"><line nr="23" mi="12" ci="0" mb="0" cb="0"/><line nr="28" mi="13" ci="0" mb="0" cb="0"/><line nr="33" mi="9" ci="0" mb="0" cb="0"/><line nr="34" mi="4" ci="0" mb="0" cb="0"/><line nr="35" mi="3" ci="0" mb="0" cb="0"/><line nr="41" mi="5" ci="0" mb="0" cb="0"/><line nr="42" mi="1" ci="0" mb="0" cb="0"/><counter type="INSTRUCTION" missed="47" covered="0"/><counter type="LINE" missed="7" covered="0"/><counter type="COMPLEXITY" missed="4" covered="0"/><counter type="METHOD" missed="4" covered="0"/><counter type="CLASS" missed="1" covered="0"/></sourcefile><sourcefile name="RefreshTokenRepositoryAdapter.java"><line nr="20" mi="0" ci="6" mb="0" cb="0"/><line nr="21" mi="0" ci="6" mb="0" cb="0"/><line nr="22" mi="0" ci="6" mb="0" cb="0"/><line nr="23" mi="0" ci="1" mb="0" cb="0"/><line nr="27" mi="6" ci="0" mb="0" cb="0"/><line nr="28" mi="13" ci="0" mb="0" cb="0"/><line nr="34" mi="4" ci="0" mb="0" cb="0"/><line nr="35" mi="1" ci="0" mb="0" cb="0"/><line nr="40" mi="7" ci="0" mb="0" cb="0"/><line nr="41" mi="3" ci="0" mb="0" cb="0"/><line nr="42" mi="5" ci="0" mb="0" cb="0"/><line nr="43" mi="1" ci="0" mb="0" cb="0"/><line nr="44" mi="1" ci="0" mb="0" cb="0"/><counter type="INSTRUCTION" missed="41" covered="19"/><counter type="LINE" missed="9" covered="4"/><counter type="COMPLEXITY" missed="5" covered="1"/><counter type="METHOD" missed="5" covered="1"/><counter type="CLASS" missed="0" covered="1"/></sourcefile><sourcefile name="AuditLogRepositoryAdapter.java"><line nr="19" mi="5" ci="0" mb="0" cb="0"/><line nr="20" mi="7" ci="0" mb="0" cb="0"/><line nr="21" mi="6" ci="0" mb="0" cb="0"/><line nr="22" mi="6" ci="0" mb="0" cb="0"/><line nr="23" mi="1" ci="0" mb="0" cb="0"/><counter type="INSTRUCTION" missed="25" covered="0"/><counter type="LINE" missed="5" covered="0"/><counter type="COMPLEXITY" missed="1" covered="0"/><counter type="METHOD" missed="1" covered="0"/><counter type="CLASS" missed="1" covered="0"/></sourcefile><sourcefile name="PasswordResetTokenRepositoryAdapter.java"><line nr="20" mi="6" ci="0" mb="0" cb="0"/><line nr="21" mi="6" ci="0" mb="0" cb="0"/><line nr="22" mi="6" ci="0" mb="0" cb="0"/><line nr="23" mi="1" ci="0" mb="0" cb="0"/><line nr="27" mi="6" ci="0" mb="0" cb="0"/><line nr="28" mi="13" ci="0" mb="0" cb="0"/><line nr="32" mi="5" ci="0" mb="0" cb="0"/><counter type="INSTRUCTION" missed="43" covered="0"/><counter type="LINE" missed="7" covered="0"/><counter type="COMPLEXITY" missed="4" covered="0"/><counter type="METHOD" missed="4" covered="0"/><counter type="CLASS" missed="1" covered="0"/></sourcefile><sourcefile name="AccountRepositoryAdapter.java"><line nr="24" mi="0" ci="12" mb="0" cb="0"/><line nr="29" mi="0" ci="13" mb="0" cb="0"/><line nr="34" mi="0" ci="9" mb="0" cb="0"/><line nr="35" mi="0" ci="4" mb="0" cb="0"/><line nr="36" mi="0" ci="3" mb="0" cb="0"/><line nr="42" mi="5" ci="0" mb="0" cb="0"/><line nr="43" mi="1" ci="0" mb="0" cb="0"/><line nr="48" mi="5" ci="0" mb="0" cb="0"/><line nr="49" mi="1" ci="0" mb="0" cb="0"/><line nr="54" mi="0" ci="5" mb="0" cb="0"/><line nr="55" mi="0" ci="1" mb="0" cb="0"/><line nr="59" mi="0" ci="6" mb="0" cb="0"/><line nr="64" mi="5" ci="0" mb="0" cb="0"/><counter type="INSTRUCTION" missed="17" covered="53"/><counter type="LINE" missed="5" covered="8"/><counter type="COMPLEXITY" missed="3" covered="5"/><counter type="METHOD" missed="3" covered="5"/><counter type="CLASS" missed="0" covered="1"/></sourcefile><sourcefile name="BudgetRepositoryAdapter.java"><line nr="23" mi="12" ci="0" mb="0" cb="0"/><line nr="28" mi="13" ci="0" mb="0" cb="0"/><line nr="33" mi="9" ci="0" mb="0" cb="0"/><line nr="34" mi="4" ci="0" mb="0" cb="0"/><line nr="35" mi="3" ci="0" mb="0" cb="0"/><line nr="41" mi="5" ci="0" mb="0" cb="0"/><line nr="42" mi="1" ci="0" mb="0" cb="0"/><line nr="46" mi="8" ci="0" mb="0" cb="0"/><counter type="INSTRUCTION" missed="55" covered="0"/><counter type="LINE" missed="8" covered="0"/><counter type="COMPLEXITY" missed="5" covered="0"/><counter type="METHOD" missed="5" covered="0"/><counter type="CLASS" missed="1" covered="0"/></sourcefile><counter type="INSTRUCTION" missed="417" covered="175"/><counter type="LINE" missed="67" covered="25"/><counter type="COMPLEXITY" missed="38" covered="14"/><counter type="METHOD" missed="38" covered="14"/><counter type="CLASS" missed="6" covered="5"/></package><package name="com/financafacil/application/dto"><class name="com/financafacil/application/dto/UserResponse" sourcefilename="UserResponse.java"/><class name="com/financafacil/application/dto/AuthResponse$AuthResponseBuilder" sourcefilename="AuthResponse.java"/><class name="com/financafacil/application/dto/AuthResponse" sourcefilename="AuthResponse.java"><method name="of" desc="(Ljava/lang/String;Ljava/lang/String;JLcom/financafacil/application/dto/UserResponse;)Lcom/financafacil/application/dto/AuthResponse;" line="16"><counter type="INSTRUCTION" missed="0" covered="13"/><counter type="LINE" missed="0" covered="7"/><counter type="COMPLEXITY" missed="0" covered="1"/><counter type="METHOD" missed="0" covered="1"/></method><counter type="INSTRUCTION" missed="0" covered="13"/><counter type="LINE" missed="0" covered="7"/><counter type="COMPLEXITY" missed="0" covered="1"/><counter type="METHOD" missed="0" covered="1"/><counter type="CLASS" missed="0" covered="1"/></class><class name="com/financafacil/application/dto/UserResponse$UserResponseBuilder" sourcefilename="UserResponse.java"/><sourcefile name="UserResponse.java"/><sourcefile name="AuthResponse.java"><line nr="16" mi="0" ci="3" mb="0" cb="0"/><line nr="17" mi="0" ci="2" mb="0" cb="0"/><line nr="18" mi="0" ci="2" mb="0" cb="0"/><line nr="19" mi="0" ci="2" mb="0" cb="0"/><line nr="20" mi="0" ci="2" mb="0" cb="0"/><line nr="21" mi="0" ci="1" mb="0" cb="0"/><line nr="22" mi="0" ci="1" mb="0" cb="0"/><counter type="INSTRUCTION" missed="0" covered="13"/><counter type="LINE" missed="0" covered="7"/><counter type="COMPLEXITY" missed="0" covered="1"/><counter type="METHOD" missed="0" covered="1"/><counter type="CLASS" missed="0" covered="1"/></sourcefile><counter type="INSTRUCTION" missed="0" covered="13"/><counter type="LINE" missed="0" covered="7"/><counter type="COMPLEXITY" missed="0" covered="1"/><counter type="METHOD" missed="0" covered="1"/><counter type="CLASS" missed="0" covered="1"/></package><package name="com/financafacil/infrastructure/email"><class name="com/financafacil/infrastructure/email/EmailServiceAdapter" sourcefilename="EmailServiceAdapter.java"><method name="sendPasswordReset" desc="(Ljava/lang/String;Ljava/lang/String;)V" line="20"><counter type="INSTRUCTION" missed="29" covered="0"/><counter type="LINE" missed="8" covered="0"/><counter type="COMPLEXITY" missed="1" covered="0"/><counter type="METHOD" missed="1" covered="0"/></method><method name="sendEmailVerification" desc="(Ljava/lang/String;Ljava/lang/String;)V" line="31"><counter type="INSTRUCTION" missed="0" covered="29"/><counter type="LINE" missed="0" covered="8"/><counter type="COMPLEXITY" missed="0" covered="1"/><counter type="METHOD" missed="0" covered="1"/></method><method name="&lt;clinit&gt;" desc="()V" line="11"><counter type="INSTRUCTION" missed="0" covered="4"/><counter type="LINE" missed="0" covered="1"/><counter type="COMPLEXITY" missed="0" covered="1"/><counter type="METHOD" missed="0" covered="1"/></method><counter type="INSTRUCTION" missed="29" covered="33"/><counter type="LINE" missed="8" covered="9"/><counter type="COMPLEXITY" missed="1" covered="2"/><counter type="METHOD" missed="1" covered="2"/><counter type="CLASS" missed="0" covered="1"/></class><sourcefile name="EmailServiceAdapter.java"><line nr="11" mi="0" ci="4" mb="0" cb="0"/><line nr="20" mi="4" ci="0" mb="0" cb="0"/><line nr="21" mi="6" ci="0" mb="0" cb="0"/><line nr="22" mi="3" ci="0" mb="0" cb="0"/><line nr="23" mi="3" ci="0" mb="0" cb="0"/><line nr="24" mi="4" ci="0" mb="0" cb="0"/><line nr="25" mi="4" ci="0" mb="0" cb="0"/><line nr="26" mi="4" ci="0" mb="0" cb="0"/><line nr="27" mi="1" ci="0" mb="0" cb="0"/><line nr="31" mi="0" ci="4" mb="0" cb="0"/><line nr="32" mi="0" ci="6" mb="0" cb="0"/><line nr="33" mi="0" ci="3" mb="0" cb="0"/><line nr="34" mi="0" ci="3" mb="0" cb="0"/><line nr="35" mi="0" ci="4" mb="0" cb="0"/><line nr="36" mi="0" ci="4" mb="0" cb="0"/><line nr="37" mi="0" ci="4" mb="0" cb="0"/><line nr="38" mi="0" ci="1" mb="0" cb="0"/><counter type="INSTRUCTION" missed="29" covered="33"/><counter type="LINE" missed="8" covered="9"/><counter type="COMPLEXITY" missed="1" covered="2"/><counter type="METHOD" missed="1" covered="2"/><counter type="CLASS" missed="0" covered="1"/></sourcefile><counter type="INSTRUCTION" missed="29" covered="33"/><counter type="LINE" missed="8" covered="9"/><counter type="COMPLEXITY" missed="1" covered="2"/><counter type="METHOD" missed="1" covered="2"/><counter type="CLASS" missed="0" covered="1"/></package><counter type="INSTRUCTION" missed="1771" covered="2703"/><counter type="BRANCH" missed="76" covered="70"/><counter type="LINE" missed="379" covered="607"/><counter type="COMPLEXITY" missed="156" covered="179"/><counter type="METHOD" missed="103" covered="159"/><counter type="CLASS" missed="12" covered="52"/></report>