<?xml version="1.0" encoding="UTF-8"?>
<testsuite xmlns:xsi="http://www.w3.org/2001/XMLSchema-instance" xsi:noNamespaceSchemaLocation="https://maven.apache.org/surefire/maven-surefire-plugin/xsd/surefire-test-report-3.0.xsd" version="3.0" name="com.financafacil.presentation.controller.AuthControllerIntegrationTest" time="26.537" tests="4" errors="0" skipped="0" failures="0">
  <properties>
[...]
</properties>
  <testcase name="register_returnsCreated_withAccessToken" classname="com.financafacil.presentation.controller.AuthControllerIntegrationTest" time="3.132">
    <system-out><![CDATA[18:14:36.017 [main] INFO org.springframework.test.context.support.AnnotationConfigContextLoaderUtils -- Could not detect default configuration classes for test class [com.financafacil.presentation.controller.AuthControllerIntegrationTest]: AuthControllerIntegrationTest does not declare any static, non-private, non-final, nested classes annotated with @Configuration.
18:14:36.384 [main] INFO org.springframework.boot.test.context.SpringBootTestContextBootstrapper -- Found @SpringBootConfiguration com.financafacil.FinancaFacilApplication for test class com.financafacil.presentation.controller.AuthControllerIntegrationTest

  .   ____          _            __ _ _
 /\\ / ___'_ __ _ _(_)_ __  __ _ \ \ \ \
( ( )\___ | '_ | '_| | '_ \/ _` | \ \ \ \
 \\/  ___)| |_)| | | | | || (_| |  ) ) ) )
  '  |____| .__|_| |_|_| |_\__, | / / / /
 =========|_|==============|___/=/_/_/_/

 :: Spring Boot ::                (v3.3.5)

2026-07-18T18:14:37.840-03:00  INFO 89389 --- [financa-facil-backend] [           main] c.f.p.c.AuthControllerIntegrationTest    : Starting AuthControllerIntegrationTest using Java 21.0.11 with PID 89389 (started by erezende in /home/erezende/financa-facil/financa-facil-backend)
2026-07-18T18:14:37.843-03:00  INFO 89389 --- [financa-facil-backend] [           main] c.f.p.c.AuthControllerIntegrationTest    : The following 1 profile is active: "test"
2026-07-18T18:14:40.908-03:00  INFO 89389 --- [financa-facil-backend] [           main] .s.d.r.c.RepositoryConfigurationDelegate : Bootstrapping Spring Data JPA repositories in DEFAULT mode.
2026-07-18T18:14:41.068-03:00  INFO 89389 --- [financa-facil-backend] [           main] .s.d.r.c.RepositoryConfigurationDelegate : Finished Spring Data repository scanning in 147 ms. Found 11 JPA repository interfaces.
2026-07-18T18:14:43.058-03:00  INFO 89389 --- [financa-facil-backend] [           main] o.s.b.w.embedded.tomcat.TomcatWebServer  : Tomcat initialized with port 0 (http)
2026-07-18T18:14:43.101-03:00  INFO 89389 --- [financa-facil-backend] [           main] o.apache.catalina.core.StandardService   : Starting service [Tomcat]
2026-07-18T18:14:43.102-03:00  INFO 89389 --- [financa-facil-backend] [           main] o.apache.catalina.core.StandardEngine    : Starting Servlet engine: [Apache Tomcat/10.1.31]
2026-07-18T18:14:43.199-03:00  INFO 89389 --- [financa-facil-backend] [           main] o.a.c.c.C.[.[localhost].[/api/v1]        : Initializing Spring embedded WebApplicationContext
2026-07-18T18:14:43.202-03:00  INFO 89389 --- [financa-facil-backend] [           main] w.s.c.ServletWebServerApplicationContext : Root WebApplicationContext: initialization completed in 4740 ms
2026-07-18T18:14:44.168-03:00  INFO 89389 --- [financa-facil-backend] [           main] com.zaxxer.hikari.HikariDataSource       : HikariPool-1 - Starting...
2026-07-18T18:14:44.280-03:00  INFO 89389 --- [financa-facil-backend] [           main] org.testcontainers.images.PullPolicy     : Image pull policy will be performed by: DefaultPullPolicy()
2026-07-18T18:14:44.285-03:00  INFO 89389 --- [financa-facil-backend] [           main] o.t.utility.ImageNameSubstitutor         : Image name substitution will be performed by: DefaultImageNameSubstitutor (composite of 'ConfigurationFileImageNameSubstitutor' and 'PrefixingImageNameSubstitutor')
2026-07-18T18:14:44.308-03:00  INFO 89389 --- [financa-facil-backend] [           main] org.testcontainers.DockerClientFactory   : Testcontainers version: 1.21.3
2026-07-18T18:14:44.639-03:00  INFO 89389 --- [financa-facil-backend] [           main] o.t.d.DockerClientProviderStrategy       : Loaded org.testcontainers.dockerclient.UnixSocketClientProviderStrategy from ~/.testcontainers.properties, will try it first
2026-07-18T18:14:45.294-03:00  INFO 89389 --- [financa-facil-backend] [           main] o.t.d.DockerClientProviderStrategy       : Found Docker environment with local Unix socket (unix:///var/run/docker.sock)
2026-07-18T18:14:45.299-03:00  INFO 89389 --- [financa-facil-backend] [           main] org.testcontainers.DockerClientFactory   : Docker host IP address is localhost
2026-07-18T18:14:45.332-03:00  INFO 89389 --- [financa-facil-backend] [           main] org.testcontainers.DockerClientFactory   : Connected to docker: 
  Server Version: 29.1.3
  API Version: 1.52
  Operating System: Ubuntu 24.04.4 LTS
  Total Memory: 7644 MB
2026-07-18T18:14:45.371-03:00  INFO 89389 --- [financa-facil-backend] [           main] tc.testcontainers/ryuk:0.12.0            : Creating container for image: testcontainers/ryuk:0.12.0
2026-07-18T18:14:45.381-03:00  INFO 89389 --- [financa-facil-backend] [           main] o.t.utility.RegistryAuthLocator          : Failure when attempting to lookup auth config. Please ignore if you don't have images in an authenticated registry. Details: (dockerImageName: testcontainers/ryuk:0.12.0, configFile: /home/erezende/.docker/config.json, configEnv: DOCKER_AUTH_CONFIG). Falling back to docker-java default behaviour. Exception message: Status 404: No config supplied. Checked in order: /home/erezende/.docker/config.json (file not found), DOCKER_AUTH_CONFIG (not set)
2026-07-18T18:14:45.578-03:00  INFO 89389 --- [financa-facil-backend] [           main] tc.testcontainers/ryuk:0.12.0            : Container testcontainers/ryuk:0.12.0 is starting: 1da9998bdb1dde15e1a58ebcaaabb438ca424707688a65806b33e321e5e3b199
2026-07-18T18:14:46.005-03:00  INFO 89389 --- [financa-facil-backend] [           main] tc.testcontainers/ryuk:0.12.0            : Container testcontainers/ryuk:0.12.0 started in PT0.633539253S
2026-07-18T18:14:46.012-03:00  INFO 89389 --- [financa-facil-backend] [           main] o.t.utility.RyukResourceReaper           : Ryuk started - will monitor and terminate Testcontainers containers on JVM exit
2026-07-18T18:14:46.012-03:00  INFO 89389 --- [financa-facil-backend] [           main] org.testcontainers.DockerClientFactory   : Checking the system...
2026-07-18T18:14:46.013-03:00  INFO 89389 --- [financa-facil-backend] [           main] org.testcontainers.DockerClientFactory   : ✔︎ Docker server version should be at least 1.6.0
2026-07-18T18:14:46.014-03:00  INFO 89389 --- [financa-facil-backend] [           main] tc.postgres:16-alpine                    : Creating container for image: postgres:16-alpine
2026-07-18T18:14:46.092-03:00  INFO 89389 --- [financa-facil-backend] [           main] tc.postgres:16-alpine                    : Container postgres:16-alpine is starting: 767482d40c95678386d318ef2197038821f8c2813ac9f799514295e2d4aac99e
2026-07-18T18:14:50.793-03:00  INFO 89389 --- [financa-facil-backend] [           main] tc.postgres:16-alpine                    : Container postgres:16-alpine started in PT4.779307634S
2026-07-18T18:14:50.795-03:00  INFO 89389 --- [financa-facil-backend] [           main] tc.postgres:16-alpine                    : Container is started (JDBC URL: jdbc:postgresql://localhost:32814/test?loggerLevel=OFF)
2026-07-18T18:14:51.110-03:00  INFO 89389 --- [financa-facil-backend] [           main] com.zaxxer.hikari.pool.HikariPool        : HikariPool-1 - Added connection org.testcontainers.jdbc.ConnectionWrapper@20f2231e
2026-07-18T18:14:51.114-03:00  INFO 89389 --- [financa-facil-backend] [           main] com.zaxxer.hikari.HikariDataSource       : HikariPool-1 - Start completed.
2026-07-18T18:14:51.193-03:00  INFO 89389 --- [financa-facil-backend] [           main] org.flywaydb.core.FlywayExecutor         : Database: jdbc:postgresql://localhost:32814/test (PostgreSQL 16.13)
2026-07-18T18:14:51.300-03:00  INFO 89389 --- [financa-facil-backend] [           main] o.f.c.i.s.JdbcTableSchemaHistory         : Schema history table "public"."flyway_schema_history" does not exist yet
2026-07-18T18:14:51.308-03:00  INFO 89389 --- [financa-facil-backend] [           main] o.f.core.internal.command.DbValidate     : Successfully validated 12 migrations (execution time 00:00.058s)
2026-07-18T18:14:51.343-03:00  INFO 89389 --- [financa-facil-backend] [           main] o.f.c.i.s.JdbcTableSchemaHistory         : Creating Schema History table "public"."flyway_schema_history" ...
2026-07-18T18:14:51.440-03:00  INFO 89389 --- [financa-facil-backend] [           main] o.f.core.internal.command.DbMigrate      : Current version of schema "public": << Empty Schema >>
2026-07-18T18:14:51.456-03:00  INFO 89389 --- [financa-facil-backend] [           main] o.f.core.internal.command.DbMigrate      : Migrating schema "public" to version "1 - create users"
2026-07-18T18:14:51.525-03:00  INFO 89389 --- [financa-facil-backend] [           main] o.f.core.internal.command.DbMigrate      : Migrating schema "public" to version "2 - create accounts"
2026-07-18T18:14:51.559-03:00  INFO 89389 --- [financa-facil-backend] [           main] o.f.core.internal.command.DbMigrate      : Migrating schema "public" to version "3 - create categories"
2026-07-18T18:14:51.597-03:00  INFO 89389 --- [financa-facil-backend] [           main] o.f.core.internal.command.DbMigrate      : Migrating schema "public" to version "4 - create transactions"
2026-07-18T18:14:51.635-03:00  INFO 89389 --- [financa-facil-backend] [           main] o.f.core.internal.command.DbMigrate      : Migrating schema "public" to version "5 - create transfers"
2026-07-18T18:14:51.668-03:00  INFO 89389 --- [financa-facil-backend] [           main] o.f.core.internal.command.DbMigrate      : Migrating schema "public" to version "6 - create budgets"
2026-07-18T18:14:51.706-03:00  INFO 89389 --- [financa-facil-backend] [           main] o.f.core.internal.command.DbMigrate      : Migrating schema "public" to version "7 - create recurring transactions"
2026-07-18T18:14:51.739-03:00  INFO 89389 --- [financa-facil-backend] [           main] o.f.core.internal.command.DbMigrate      : Migrating schema "public" to version "8 - create refresh tokens"
2026-07-18T18:14:51.765-03:00  INFO 89389 --- [financa-facil-backend] [           main] o.f.core.internal.command.DbMigrate      : Migrating schema "public" to version "9 - create audit logs"
2026-07-18T18:14:51.795-03:00  INFO 89389 --- [financa-facil-backend] [           main] o.f.core.internal.command.DbMigrate      : Migrating schema "public" to version "10 - create password reset tokens"
2026-07-18T18:14:51.822-03:00  INFO 89389 --- [financa-facil-backend] [           main] o.f.core.internal.command.DbMigrate      : Migrating schema "public" to version "11 - create email verification tokens"
2026-07-18T18:14:51.850-03:00  INFO 89389 --- [financa-facil-backend] [           main] o.f.core.internal.command.DbMigrate      : Migrating schema "public" to version "12 - create indexes"
2026-07-18T18:14:51.930-03:00  INFO 89389 --- [financa-facil-backend] [           main] o.f.core.internal.command.DbMigrate      : Successfully applied 12 migrations to schema "public", now at version v12 (execution time 00:00.229s)
2026-07-18T18:14:52.159-03:00  INFO 89389 --- [financa-facil-backend] [           main] o.hibernate.jpa.internal.util.LogHelper  : HHH000204: Processing PersistenceUnitInfo [name: default]
2026-07-18T18:14:52.289-03:00  INFO 89389 --- [financa-facil-backend] [           main] org.hibernate.Version                    : HHH000412: Hibernate ORM core version 6.5.3.Final
2026-07-18T18:14:52.360-03:00  INFO 89389 --- [financa-facil-backend] [           main] o.h.c.internal.RegionFactoryInitiator    : HHH000026: Second-level cache disabled
2026-07-18T18:14:52.556-03:00  WARN 89389 --- [financa-facil-backend] [           main] org.hibernate.orm.deprecation            : HHH90000025: PostgreSQLDialect does not need to be specified explicitly using 'hibernate.dialect' (remove the property setting and it will be selected by default)
2026-07-18T18:14:52.625-03:00  INFO 89389 --- [financa-facil-backend] [           main] o.s.o.j.p.SpringPersistenceUnitInfo      : No LoadTimeWeaver setup: ignoring JPA class transformer
2026-07-18T18:14:54.101-03:00  INFO 89389 --- [financa-facil-backend] [           main] o.h.e.t.j.p.i.JtaPlatformInitiator       : HHH000489: No JTA platform available (set 'hibernate.transaction.jta.platform' to enable JTA platform integration)
2026-07-18T18:14:54.192-03:00  INFO 89389 --- [financa-facil-backend] [           main] j.LocalContainerEntityManagerFactoryBean : Initialized JPA EntityManagerFactory for persistence unit 'default'
2026-07-18T18:14:54.875-03:00  INFO 89389 --- [financa-facil-backend] [           main] o.s.d.j.r.query.QueryEnhancerFactory     : Hibernate is in classpath; If applicable, HQL parser will be used.
2026-07-18T18:14:56.755-03:00  INFO 89389 --- [financa-facil-backend] [           main] r$InitializeUserDetailsManagerConfigurer : Global AuthenticationManager configured with UserDetailsService bean with name userDetailsServiceImpl
2026-07-18T18:14:57.688-03:00  INFO 89389 --- [financa-facil-backend] [           main] o.s.b.a.e.web.EndpointLinksResolver      : Exposing 3 endpoints beneath base path '/actuator'
2026-07-18T18:14:58.732-03:00  INFO 89389 --- [financa-facil-backend] [           main] o.s.b.w.embedded.tomcat.TomcatWebServer  : Tomcat started on port 43243 (http) with context path '/api/v1'
2026-07-18T18:14:58.754-03:00  INFO 89389 --- [financa-facil-backend] [           main] c.f.p.c.AuthControllerIntegrationTest    : Started AuthControllerIntegrationTest in 21.947 seconds (process running for 29.659)
2026-07-18T18:15:00.475-03:00  INFO 89389 --- [financa-facil-backend] [o-auto-1-exec-1] o.a.c.c.C.[.[localhost].[/api/v1]        : Initializing Spring DispatcherServlet 'dispatcherServlet'
2026-07-18T18:15:00.476-03:00  INFO 89389 --- [financa-facil-backend] [o-auto-1-exec-1] o.s.web.servlet.DispatcherServlet        : Initializing Servlet 'dispatcherServlet'
2026-07-18T18:15:00.478-03:00  INFO 89389 --- [financa-facil-backend] [o-auto-1-exec-1] o.s.web.servlet.DispatcherServlet        : Completed initialization in 2 ms
2026-07-18T18:15:00.980-03:00  INFO 89389 --- [financa-facil-backend] [o-auto-1-exec-1] c.f.i.email.EmailServiceAdapter          : Verification email sent to test@integration.com
]]></system-out>
  </testcase>
  <testcase name="me_returnsUnauthorized_withoutToken" classname="com.financafacil.presentation.controller.AuthControllerIntegrationTest" time="0.069"/>
  <testcase name="login_returnsUnauthorized_withWrongPassword" classname="com.financafacil.presentation.controller.AuthControllerIntegrationTest" time="0.068"/>
  <testcase name="register_returnsConflict_whenEmailAlreadyExists" classname="com.financafacil.presentation.controller.AuthControllerIntegrationTest" time="0.155">
    <system-out><![CDATA[2026-07-18T18:15:02.227-03:00  INFO 89389 --- [financa-facil-backend] [o-auto-1-exec-4] c.f.i.email.EmailServiceAdapter          : Verification email sent to duplicate@test.com
]]></system-out>
  </testcase>
</testsuite>